#
# A fatal error has been detected by the Java Runtime Environment:
#
#  EXCEPTION_ACCESS_VIOLATION (0xc0000005) at pc=0x00007ffa277ec1a6, pid=21500, tid=20492
#
# JRE version: OpenJDK Runtime Environment Temurin-21.0.3+9 (21.0.3+9) (build 21.0.3+9-LTS)
# Java VM: OpenJDK 64-Bit Server VM Temurin-21.0.3+9 (21.0.3+9-LTS, mixed mode, emulated-client, tiered, compressed oops, compressed class ptrs, g1 gc, windows-amd64)
# Problematic frame:
# V  [jvm.dll+0xc1a6]
#
# No core dump will be written. Minidumps are not enabled by default on client versions of Windows
#
# If you would like to submit a bug report, please visit:
#   https://github.com/adoptium/adoptium-support/issues
#

---------------  S U M M A R Y ------------

Command Line: -XX:+ShowCodeDetailsInExceptionMessages -agentlib:jdwp=transport=dt_socket,suspend=y,address=localhost:65033 -Dcom.sun.management.jmxremote -Dcom.sun.management.jmxremote.port=65032 -Dcom.sun.management.jmxremote.authenticate=false -Dcom.sun.management.jmxremote.ssl=false -Djava.rmi.server.hostname=localhost -Dspring.jmx.enabled=true -Dmanagement.endpoints.jmx.exposure.include=* -Dspring.application.admin.enabled=true -XX:TieredStopAtLevel=1 -Dspring.boot.project.name=User-Authenticatior -javaagent:C:\Users\test\Downloads\sts-4.23.1.RELEASE\configuration\org.eclipse.osgi\270\0\.cp\lib\javaagent-shaded.jar -Dfile.encoding=UTF-8 -Dstdout.encoding=UTF-8 -Dstderr.encoding=UTF-8 com.user.auth.UserAuthenticatiorApplication --spring.output.ansi.enabled=always

Host: 11th Gen Intel(R) Core(TM) i3-1115G4 @ 3.00GHz, 4 cores, 7G,  Windows 11 , 64 bit Build 22621 (10.0.22621.3672)
Time: Sun Jul 14 18:43:27 2024 India Standard Time elapsed time: 4723.635322 seconds (0d 1h 18m 43s)

---------------  T H R E A D  ---------------

Current thread (0x00000171304c1df0):  WorkerThread "GC Thread#2"    [id=20492, stack(0x0000006063a00000,0x0000006063b00000) (1024K)]

Stack: [0x0000006063a00000,0x0000006063b00000],  sp=0x0000006063afe2e8,  free space=1016k
Native frames: (J=compiled Java code, j=interpreted, Vv=VM code, C=native code)
V  [jvm.dll+0xc1a6]

JavaThread 0x000001713348cb80 (nid = 16936) was being processed
Java frames: (J=compiled Java code, j=interpreted, Vv=VM code)
j  java.lang.invoke.DirectMethodHandle$Holder.newInvokeSpecial(Ljava/lang/Object;)Ljava/lang/Object;+15 java.base@21.0.3
J 902 c1 jdk.internal.reflect.DirectConstructorHandleAccessor.newInstance([Ljava/lang/Object;)Ljava/lang/Object; java.base@21.0.3 (130 bytes) @ 0x0000017123a61134 [0x0000017123a60f60+0x00000000000001d4]
J 901 c1 java.lang.reflect.Constructor.newInstanceWithCaller([Ljava/lang/Object;ZLjava/lang/Class;)Ljava/lang/Object; java.base@21.0.3 (51 bytes) @ 0x0000017123a5ebbc [0x0000017123a5eae0+0x00000000000000dc]
J 3421 c1 org.springframework.beans.BeanUtils.instantiateClass(Ljava/lang/reflect/Constructor;[Ljava/lang/Object;)Ljava/lang/Object; (208 bytes) @ 0x0000017123ecf634 [0x0000017123ecf100+0x0000000000000534]
J 7526 c1 org.springframework.beans.factory.support.SimpleInstantiationStrategy.instantiate(Lorg/springframework/beans/factory/support/RootBeanDefinition;Ljava/lang/String;Lorg/springframework/beans/factory/BeanFactory;)Ljava/lang/Object; (123 bytes) @ 0x00000171244e5f94 [0x00000171244e5b20+0x0000000000000474]
J 7525 c1 org.springframework.beans.factory.support.AbstractAutowireCapableBeanFactory.instantiateBean(Ljava/lang/String;Lorg/springframework/beans/factory/support/RootBeanDefinition;)Lorg/springframework/beans/BeanWrapper; (51 bytes) @ 0x00000171244e4f64 [0x00000171244e4ec0+0x00000000000000a4]
J 5971 c1 org.springframework.beans.factory.support.AbstractAutowireCapableBeanFactory.createBeanInstance(Ljava/lang/String;Lorg/springframework/beans/factory/support/RootBeanDefinition;[Ljava/lang/Object;)Lorg/springframework/beans/BeanWrapper; (245 bytes) @ 0x0000017124317db4 [0x00000171243177c0+0x00000000000005f4]
J 5970 c1 org.springframework.beans.factory.support.AbstractAutowireCapableBeanFactory.doCreateBean(Ljava/lang/String;Lorg/springframework/beans/factory/support/RootBeanDefinition;[Ljava/lang/Object;)Ljava/lang/Object; (469 bytes) @ 0x000001712431b3bc [0x000001712431b220+0x000000000000019c]
J 5968 c1 org.springframework.beans.factory.support.AbstractAutowireCapableBeanFactory.createBean(Ljava/lang/String;Lorg/springframework/beans/factory/support/RootBeanDefinition;[Ljava/lang/Object;)Ljava/lang/Object; (214 bytes) @ 0x00000171243157ec [0x0000017124315340+0x00000000000004ac]
J 7288 c1 org.springframework.beans.factory.support.AbstractBeanFactory$$Lambda+0x00000001003520b8.getObject()Ljava/lang/Object; (20 bytes) @ 0x000001712392c8ac [0x000001712392c820+0x000000000000008c]
J 7287 c1 org.springframework.beans.factory.support.DefaultSingletonBeanRegistry.getSingleton(Ljava/lang/String;Lorg/springframework/beans/factory/ObjectFactory;)Ljava/lang/Object; (279 bytes) @ 0x000001712429b014 [0x000001712429ace0+0x0000000000000334]
J 3229 c1 org.springframework.beans.factory.support.AbstractBeanFactory.doGetBean(Ljava/lang/String;Ljava/lang/Class;[Ljava/lang/Object;Z)Ljava/lang/Object; (787 bytes) @ 0x0000017123e72454 [0x0000017123e71e40+0x0000000000000614]
J 7293 c1 org.springframework.beans.factory.support.DefaultListableBeanFactory.doResolveDependency(Lorg/springframework/beans/factory/config/DependencyDescriptor;Ljava/lang/String;Ljava/util/Set;Lorg/springframework/beans/TypeConverter;)Ljava/lang/Object; (563 bytes) @ 0x00000171244b5f44 [0x00000171244b48a0+0x00000000000016a4]
J 6943 c1 org.springframework.beans.factory.support.DefaultListableBeanFactory.resolveDependency(Lorg/springframework/beans/factory/config/DependencyDescriptor;Ljava/lang/String;Ljava/util/Set;Lorg/springframework/beans/TypeConverter;)Ljava/lang/Object; (121 bytes) @ 0x0000017123855c44 [0x0000017123855a80+0x00000000000001c4]
J 12549 c1 org.springframework.beans.factory.annotation.AutowiredAnnotationBeanPostProcessor$AutowiredFieldElement.resolveFieldValue(Ljava/lang/reflect/Field;Ljava/lang/Object;Ljava/lang/String;)Ljava/lang/Object; (271 bytes) @ 0x0000017124a3cd7c [0x0000017124a3c800+0x000000000000057c]
J 12548 c1 org.springframework.beans.factory.annotation.AutowiredAnnotationBeanPostProcessor$AutowiredFieldElement.inject(Ljava/lang/Object;Ljava/lang/String;Lorg/springframework/beans/PropertyValues;)V (98 bytes) @ 0x0000017124a40534 [0x0000017124a40460+0x00000000000000d4]
J 5642 c1 org.springframework.beans.factory.annotation.InjectionMetadata.inject(Ljava/lang/Object;Ljava/lang/String;Lorg/springframework/beans/PropertyValues;)V (75 bytes) @ 0x000001712427f9b4 [0x000001712427f880+0x0000000000000134]
J 5974 c1 org.springframework.beans.factory.annotation.AutowiredAnnotationBeanPostProcessor.postProcessProperties(Lorg/springframework/beans/PropertyValues;Ljava/lang/Object;Ljava/lang/String;)Lorg/springframework/beans/PropertyValues; (46 bytes) @ 0x000001712431910c [0x0000017124319060+0x00000000000000ac]
J 5862 c1 org.springframework.beans.factory.support.AbstractAutowireCapableBeanFactory.populateBean(Ljava/lang/String;Lorg/springframework/beans/factory/support/RootBeanDefinition;Lorg/springframework/beans/BeanWrapper;)V (355 bytes) @ 0x00000171242e09a4 [0x00000171242dff00+0x0000000000000aa4]
J 5970 c1 org.springframework.beans.factory.support.AbstractAutowireCapableBeanFactory.doCreateBean(Ljava/lang/String;Lorg/springframework/beans/factory/support/RootBeanDefinition;[Ljava/lang/Object;)Ljava/lang/Object; (469 bytes) @ 0x000001712431b89c [0x000001712431b220+0x000000000000067c]
J 5968 c1 org.springframework.beans.factory.support.AbstractAutowireCapableBeanFactory.createBean(Ljava/lang/String;Lorg/springframework/beans/factory/support/RootBeanDefinition;[Ljava/lang/Object;)Ljava/lang/Object; (214 bytes) @ 0x00000171243157ec [0x0000017124315340+0x00000000000004ac]
J 7288 c1 org.springframework.beans.factory.support.AbstractBeanFactory$$Lambda+0x00000001003520b8.getObject()Ljava/lang/Object; (20 bytes) @ 0x000001712392c8ac [0x000001712392c820+0x000000000000008c]
J 7287 c1 org.springframework.beans.factory.support.DefaultSingletonBeanRegistry.getSingleton(Ljava/lang/String;Lorg/springframework/beans/factory/ObjectFactory;)Ljava/lang/Object; (279 bytes) @ 0x000001712429b014 [0x000001712429ace0+0x0000000000000334]
J 3229 c1 org.springframework.beans.factory.support.AbstractBeanFactory.doGetBean(Ljava/lang/String;Ljava/lang/Class;[Ljava/lang/Object;Z)Ljava/lang/Object; (787 bytes) @ 0x0000017123e72454 [0x0000017123e71e40+0x0000000000000614]
J 5863 c1 org.springframework.beans.factory.support.AbstractBeanFactory.getBean(Ljava/lang/String;)Ljava/lang/Object; (9 bytes) @ 0x00000171242df4b4 [0x00000171242df440+0x0000000000000074]
j  org.springframework.beans.factory.support.DefaultListableBeanFactory.preInstantiateSingletons()V+152
j  org.springframework.context.support.AbstractApplicationContext.finishBeanFactoryInitialization(Lorg/springframework/beans/factory/config/ConfigurableListableBeanFactory;)V+135
j  org.springframework.context.support.AbstractApplicationContext.refresh()V+94
j  org.springframework.boot.web.servlet.context.ServletWebServerApplicationContext.refresh()V+1
j  org.springframework.boot.SpringApplication.refresh(Lorg/springframework/context/ConfigurableApplicationContext;)V+1
j  org.springframework.boot.SpringApplication.refreshContext(Lorg/springframework/context/ConfigurableApplicationContext;)V+16
j  org.springframework.boot.SpringApplication.run([Ljava/lang/String;)Lorg/springframework/context/ConfigurableApplicationContext;+110
j  org.springframework.boot.SpringApplication.run([Ljava/lang/Class;[Ljava/lang/String;)Lorg/springframework/context/ConfigurableApplicationContext;+9
j  org.springframework.boot.SpringApplication.run(Ljava/lang/Class;[Ljava/lang/String;)Lorg/springframework/context/ConfigurableApplicationContext;+9
j  com.user.auth.UserAuthenticatiorApplication.main([Ljava/lang/String;)V+3
j  java.lang.invoke.LambdaForm$DMH+0x00000001000c4c00.invokeStatic(Ljava/lang/Object;Ljava/lang/Object;)V+10 java.base@21.0.3
j  java.lang.invoke.LambdaForm$MH+0x0000000100198c00.invoke(Ljava/lang/Object;Ljava/lang/Object;Ljava/lang/Object;)Ljava/lang/Object;+33 java.base@21.0.3
J 4420 c1 jdk.internal.reflect.DirectMethodHandleAccessor.invoke(Ljava/lang/Object;[Ljava/lang/Object;)Ljava/lang/Object; java.base@21.0.3 (92 bytes) @ 0x000001712406fe14 [0x000001712406fac0+0x0000000000000354]
J 4460 c1 java.lang.reflect.Method.invoke(Ljava/lang/Object;[Ljava/lang/Object;)Ljava/lang/Object; java.base@21.0.3 (108 bytes) @ 0x00000171240827ec [0x0000017124082600+0x00000000000001ec]
j  org.springframework.boot.devtools.restart.RestartLauncher.run()V+47
v  ~StubRoutines::call_stub 0x00000171236a10e7

siginfo: EXCEPTION_ACCESS_VIOLATION (0xc0000005), reading address 0x0000000161f39bc0


Registers:
RAX=0x0000000000000000, RBX=0x0000000000000712, RCX=0x00000060633fc630, RDX=0x00000060633fc630
RSP=0x0000006063afe2e8, RBP=0x0000006063afe4c0, RSI=0x0000006063afe690, RDI=0x00000060633fc630
R8 =0x0000000161f39bb8, R9 =0x00000060633fc630, R10=0x00000171236a0000, R11=0x0000006063afe538
R12=0x000001712b38bd08, R13=0x00000060633fc630, R14=0x0000017138667590, R15=0x0000000161f39bb8
RIP=0x00007ffa277ec1a6, EFLAGS=0x0000000000010206


Register to memory mapping:

RAX=0x0 is null
RBX=0x0000000000000712 is an unknown value
RCX=0x00000060633fc630 is pointing into the stack for thread: 0x000001713348cb80
RDX=0x00000060633fc630 is pointing into the stack for thread: 0x000001713348cb80
RSP=0x0000006063afe2e8 points into unknown readable memory: 0x00007ffa27b3440b | 0b 44 b3 27 fa 7f 00 00
RBP=0x0000006063afe4c0 points into unknown readable memory: 0x0000006000000001 | 01 00 00 00 60 00 00 00
RSI=0x0000006063afe690 points into unknown readable memory: 0x00000060633fc628 | 28 c6 3f 63 60 00 00 00
RDI=0x00000060633fc630 is pointing into the stack for thread: 0x000001713348cb80
R8 =0x0000000161f39bb8 is an unknown value
R9 =0x00000060633fc630 is pointing into the stack for thread: 0x000001713348cb80
R10=0x00000171236a0000 points into unknown readable memory: 0x0000000000000006 | 06 00 00 00 00 00 00 00
R11=0x0000006063afe538 points into unknown readable memory: 0x00007ffa27af29ad | ad 29 af 27 fa 7f 00 00
R12=0x000001712b38bd08 points into unknown readable memory: 0x4c2800322cabffff | ff ff ab 2c 32 00 28 4c
R13=0x00000060633fc630 is pointing into the stack for thread: 0x000001713348cb80
R14=0x0000017138667590 points into unknown readable memory: 0x00007ffa28201878 | 78 18 20 28 fa 7f 00 00
R15=0x0000000161f39bb8 is an unknown value

Top of Stack: (sp=0x0000006063afe2e8)
0x0000006063afe2e8:   00007ffa27b3440b 000001712b4c9b60
0x0000006063afe2f8:   00000171304c1df0 0000000000000344
0x0000006063afe308:   00007ffa27e972ef 0000017133436a98
0x0000006063afe318:   00007ffa27b42a6e 000001712b4c9f38
0x0000006063afe328:   00007ffa27f716c1 0000000000000055
0x0000006063afe338:   0000000000000008 0000000000000002
0x0000006063afe348:   0000000000000000 00000171304b8e20
0x0000006063afe358:   000001712b4c9b50 000001712b38bd08
0x0000006063afe368:   00000060633fc630 0000006063afe690
0x0000006063afe378:   0000006063afe4c0 0000017133436a98
0x0000006063afe388:   00007ffa27b42a14 0000006063afe450
0x0000006063afe398:   0000006063afe690 000001712b062dc8
0x0000006063afe3a8:   0000000000000000 0000017133436a98
0x0000006063afe3b8:   00007ffa27af2f5b 0000000000000001
0x0000006063afe3c8:   000001712c3e7388 0000017133436a98
0x0000006063afe3d8:   0000006063afe690 0000000f00000301
0x0000006063afe3e8:   000001712c3e7388 00000171304c1df0
0x0000006063afe3f8:   0000017100000003 00000000000003d8
0x0000006063afe408:   000001712b4c9b60 000001712b4c9f38
0x0000006063afe418:   000001712c3e7377 00000171000000b8
0x0000006063afe428:   000001712c3e7388 00007ffa281f8fa0
0x0000006063afe438:   0000006063afe690 0000017133436a98
0x0000006063afe448:   0000000500000002 000001712b38bd08
0x0000006063afe458:   0000001300000001 0000000000000032
0x0000006063afe468:   000000010000000c 000001712b062dc8
0x0000006063afe478:   0000000000000000 00000171315d7824
0x0000006063afe488:   0000017100000002 0000000300000001
0x0000006063afe498:   0000ffff09603000 00007ffa28034c70
0x0000006063afe4a8:   0000017133436a98 000001712d22d548
0x0000006063afe4b8:   000000062b4c001c 0000006000000001
0x0000006063afe4c8:   0000000000000019 0000017133436a98
0x0000006063afe4d8:   00007ffa27b42a6e 0000000000000000 

Instructions: (pc=0x00007ffa277ec1a6)
0x00007ffa277ec0a6:   48 8b 05 c3 32 cc 00 48 8b 48 60 48 8b 04 d1 48
0x00007ffa277ec0b6:   85 c0 75 08 48 8b 05 b7 32 cc 00 c3 48 8b 05 a7
0x00007ffa277ec0c6:   32 cc 00 c3 cc cc cc cc cc cc 8b 05 e2 0e c1 00
0x00007ffa277ec0d6:   c3 cc cc cc cc cc cc cc cc cc 0f b6 05 33 25 c1
0x00007ffa277ec0e6:   00 48 8b d1 84 c0 74 16 44 8b 41 08 8b 0d c0 0e
0x00007ffa277ec0f6:   c1 00 49 d3 e0 4c 03 05 ae 0e c1 00 eb 04 4c 8b
0x00007ffa277ec106:   41 08 45 8b 48 08 45 85 c9 7e 0e 41 f6 c1 01 75
0x00007ffa277ec116:   53 41 c1 f9 03 49 63 c1 c3 79 49 84 c0 41 b8 0c
0x00007ffa277ec126:   00 00 00 8b 05 f9 1f c1 00 b9 10 00 00 00 41 0f
0x00007ffa277ec136:   45 c8 ff c8 4c 63 c0 41 8b c1 48 c1 f8 10 0f b6
0x00007ffa277ec146:   c0 48 63 14 11 41 8b c9 83 e1 3f 48 d3 e2 49 8d
0x00007ffa277ec156:   0c 10 49 f7 d0 48 03 c1 49 c1 e8 03 48 c1 e8 03
0x00007ffa277ec166:   49 23 c0 c3 49 8b 00 49 8b c8 48 ff a0 00 01 00
0x00007ffa277ec176:   00 cc cc cc cc cc cc cc cc cc 8b 44 24 30 45 03
0x00007ffa277ec186:   c9 44 2b 4c 24 28 83 c0 0b 44 03 ca 45 03 c8 41
0x00007ffa277ec196:   03 c1 c3 cc cc cc cc cc cc cc 4c 8b c2 48 8b d1
0x00007ffa277ec1a6:   45 8b 48 08 45 85 c9 7e 0e 41 f6 c1 01 75 56 41
0x00007ffa277ec1b6:   c1 f9 03 49 63 c1 c3 79 4c 80 3d 54 24 c1 00 00
0x00007ffa277ec1c6:   b8 0c 00 00 00 b9 10 00 00 00 0f 45 c8 8b 05 4f
0x00007ffa277ec1d6:   1f c1 00 ff c8 4c 63 c0 41 8b c1 48 c1 f8 10 48
0x00007ffa277ec1e6:   63 14 11 41 8b c9 83 e1 3f 0f b6 c0 48 d3 e2 49
0x00007ffa277ec1f6:   8d 0c 10 49 f7 d0 48 03 c1 49 c1 e8 03 48 c1 e8
0x00007ffa277ec206:   03 49 23 c0 c3 49 8b 00 49 8b c8 48 ff a0 00 01
0x00007ffa277ec216:   00 00 cc cc cc cc cc cc cc cc 48 8b 41 08 0f b7
0x00007ffa277ec226:   48 2c 0f b7 40 2a 83 c0 48 03 c1 c3 cc cc cc cc
0x00007ffa277ec236:   cc cc cc cc cc cc cc cc cc cc 48 89 5c 24 08 57
0x00007ffa277ec246:   48 83 ec 20 0f b6 05 6f 1a cc 00 48 8b fa 48 8b
0x00007ffa277ec256:   d9 84 c0 74 4f 48 85 15 16 12 cc 00 74 38 48 8b
0x00007ffa277ec266:   ca e8 a4 6b 8c 00 48 8b d0 48 85 db 74 25 48 85
0x00007ffa277ec276:   c0 74 20 48 8b c7 f0 48 0f b1 13 74 16 48 85 05
0x00007ffa277ec286:   ee 11 cc 00 74 0d 48 8b c8 f0 48 0f b1 13 48 3b
0x00007ffa277ec296:   c1 75 ea 48 8b fa 48 8b c7 48 8b 5c 24 30 48 83 


Stack slot to memory mapping:

stack at sp + 0 slots: 0x00007ffa27b3440b jvm.dll
stack at sp + 1 slots: 0x000001712b4c9b60 points into unknown readable memory: 0x0000000500000000 | 00 00 00 00 05 00 00 00
stack at sp + 2 slots: 0x00000171304c1df0 points into unknown readable memory: 0x00007ffa282af288 | 88 f2 2a 28 fa 7f 00 00
stack at sp + 3 slots: 0x0000000000000344 is an unknown value
stack at sp + 4 slots: 0x00007ffa27e972ef jvm.dll
stack at sp + 5 slots: 0x0000017133436a98 points into unknown readable memory: 0x00007ffa28203540 | 40 35 20 28 fa 7f 00 00
stack at sp + 6 slots: 0x00007ffa27b42a6e jvm.dll
stack at sp + 7 slots: 0x000001712b4c9f38 points into unknown readable memory: 0x88000c00eb527d02 | 02 7d 52 eb 00 0c 00 88


---------------  P R O C E S S  ---------------

Threads class SMR info:
_java_thread_list=0x0000017138643430, length=28, elements={
0x000001712b208280, 0x000001712b209140, 0x000001712b259460, 0x000001712b25ab50,
0x000001712b22ad80, 0x000001712b22db70, 0x000001712b236b10, 0x000001712b22d4e0,
0x000001712b4b3a40, 0x000001712b4b86a0, 0x000001712b4bad30, 0x000001712b22a6f0,
0x000001712b22c130, 0x000001712b22b410, 0x000001712b22c7c0, 0x000001712b22ce50,
0x0000017130a36b70, 0x0000017130a385b0, 0x0000017130a34410, 0x000001713348f970,
0x0000017133489070, 0x0000017130a38c40, 0x000001713348be60, 0x000001713348cb80,
0x000001713348b140, 0x000001713348d210, 0x000001713348d8a0, 0x000001713348df30
}

Java Threads: ( => current thread )
  0x000001712b208280 JavaThread "Reference Handler"          daemon [_thread_blocked, id=21440, stack(0x0000006062b00000,0x0000006062c00000) (1024K)]
  0x000001712b209140 JavaThread "Finalizer"                  daemon [_thread_blocked, id=19196, stack(0x0000006062c00000,0x0000006062d00000) (1024K)]
  0x000001712b259460 JavaThread "Signal Dispatcher"          daemon [_thread_blocked, id=6484, stack(0x0000006062d00000,0x0000006062e00000) (1024K)]
  0x000001712b25ab50 JavaThread "Attach Listener"            daemon [_thread_blocked, id=14736, stack(0x0000006062e00000,0x0000006062f00000) (1024K)]
  0x000001712b22ad80 JavaThread "Service Thread"             daemon [_thread_blocked, id=20464, stack(0x0000006062f00000,0x0000006063000000) (1024K)]
  0x000001712b22db70 JavaThread "Monitor Deflation Thread"   daemon [_thread_blocked, id=15780, stack(0x0000006063000000,0x0000006063100000) (1024K)]
  0x000001712b236b10 JavaThread "C1 CompilerThread0"         daemon [_thread_blocked, id=21008, stack(0x0000006063100000,0x0000006063200000) (1024K)]
  0x000001712b22d4e0 JavaThread "Common-Cleaner"             daemon [_thread_blocked, id=21796, stack(0x0000006063200000,0x0000006063300000) (1024K)]
  0x000001712b4b3a40 JavaThread "JDWP Transport Listener: dt_socket" daemon [_thread_blocked, id=21404, stack(0x0000006063500000,0x0000006063600000) (1024K)]
  0x000001712b4b86a0 JavaThread "JDWP Event Helper Thread"   daemon [_thread_blocked, id=9308, stack(0x0000006063600000,0x0000006063700000) (1024K)]
  0x000001712b4bad30 JavaThread "JDWP Command Reader"        daemon [_thread_blocked, id=20892, stack(0x0000006063700000,0x0000006063800000) (1024K)]
  0x000001712b22a6f0 JavaThread "Notification Thread"        daemon [_thread_blocked, id=7808, stack(0x0000006063800000,0x0000006063900000) (1024K)]
  0x000001712b22c130 JavaThread "RMI TCP Accept-0"           daemon [_thread_in_native, id=4284, stack(0x0000006063c00000,0x0000006063d00000) (1024K)]
  0x000001712b22b410 JavaThread "RMI TCP Accept-65032"       daemon [_thread_in_native, id=19960, stack(0x0000006063d00000,0x0000006063e00000) (1024K)]
  0x000001712b22c7c0 JavaThread "RMI TCP Accept-0"           daemon [_thread_in_native, id=18904, stack(0x0000006063e00000,0x0000006063f00000) (1024K)]
  0x000001712b22ce50 JavaThread "RMI Scheduler(0)"           daemon [_thread_blocked, id=18100, stack(0x0000006064000000,0x0000006064100000) (1024K)]
  0x0000017130a36b70 JavaThread "JMX server connection timeout 33" daemon [_thread_blocked, id=21088, stack(0x0000006064200000,0x0000006064300000) (1024K)]
  0x0000017130a385b0 JavaThread "mysql-cj-abandoned-connection-cleanup" daemon [_thread_blocked, id=2204, stack(0x0000006064500000,0x0000006064600000) (1024K)]
  0x0000017130a34410 JavaThread "Live Reload Server"         daemon [_thread_in_native, id=11120, stack(0x0000006064e00000,0x0000006064f00000) (1024K)]
  0x000001713348f970 JavaThread "DestroyJavaVM"                     [_thread_blocked, id=3652, stack(0x0000006062300000,0x0000006062400000) (1024K)]
  0x0000017133489070 JavaThread "RMI TCP Connection(idle)"   daemon [_thread_blocked, id=18756, stack(0x0000006065700000,0x0000006065800000) (1024K)]
  0x0000017130a38c40 JavaThread "http-nio-8080-exec-4"       daemon [_thread_blocked, id=1684, stack(0x0000006064a00000,0x0000006064b00000) (1024K)]
  0x000001713348be60 JavaThread "Thread-179"                        [_thread_blocked, id=19044, stack(0x0000006062000000,0x0000006062100000) (1024K)]
  0x000001713348cb80 JavaThread "restartedMain"                     [_thread_blocked, id=16936, stack(0x0000006063300000,0x0000006063400000) (1024K)]
  0x000001713348b140 JavaThread "HikariPool-46 housekeeper"  daemon [_thread_blocked, id=428, stack(0x0000006062100000,0x0000006062200000) (1024K)]
  0x000001713348d210 JavaThread "Catalina-utility-1"                [_thread_blocked, id=22000, stack(0x0000006063400000,0x0000006063500000) (1024K)]
  0x000001713348d8a0 JavaThread "Catalina-utility-2"                [_thread_blocked, id=20060, stack(0x0000006063f00000,0x0000006064000000) (1024K)]
  0x000001713348df30 JavaThread "container-0"                       [_thread_blocked, id=19644, stack(0x0000006064100000,0x0000006064200000) (1024K)]
Total: 28

Other Threads:
  0x000001712b1e8b20 VMThread "VM Thread"                           [id=3408, stack(0x0000006062a00000,0x0000006062b00000) (1024K)]
  0x000001712b140490 WatcherThread "VM Periodic Task Thread"        [id=20696, stack(0x0000006062900000,0x0000006062a00000) (1024K)]
  0x000001711fc00900 WorkerThread "GC Thread#0"                     [id=18588, stack(0x0000006062400000,0x0000006062500000) (1024K)]
  0x00000171304baba0 WorkerThread "GC Thread#1"                     [id=19892, stack(0x0000006063900000,0x0000006063a00000) (1024K)]
=>0x00000171304c1df0 WorkerThread "GC Thread#2"                     [id=20492, stack(0x0000006063a00000,0x0000006063b00000) (1024K)]
  0x00000171304e8950 WorkerThread "GC Thread#3"                     [id=14792, stack(0x0000006063b00000,0x0000006063c00000) (1024K)]
  0x000001711fc11a90 ConcurrentGCThread "G1 Main Marker"            [id=2552, stack(0x0000006062500000,0x0000006062600000) (1024K)]
  0x000001711fc12430 WorkerThread "G1 Conc#0"                       [id=13684, stack(0x0000006062600000,0x0000006062700000) (1024K)]
  0x000001712b0160f0 ConcurrentGCThread "G1 Refine#0"               [id=20820, stack(0x0000006062700000,0x0000006062800000) (1024K)]
  0x000001712b016b00 ConcurrentGCThread "G1 Service"                [id=19712, stack(0x0000006062800000,0x0000006062900000) (1024K)]
Total: 10

Threads with active compile tasks:
Total: 0

VM state: at safepoint (normal execution)

VM Mutex/Monitor currently owned by a thread:  ([mutex/lock_event])
[0x00007ffa28482128] Threads_lock - owner thread: 0x000001712b1e8b20
[0x00007ffa28482228] Heap_lock - owner thread: 0x0000017130a38c40

Heap address: 0x0000000083200000, size: 1998 MB, Compressed Oops mode: 32-bit

CDS archive(s) not mapped
Compressed class space mapped at: 0x0000000100000000-0x0000000140000000, reserved size: 1073741824
Narrow klass base: 0x0000000000000000, Narrow klass shift: 3, Narrow klass range: 0x140000000

GC Precious Log:
 CardTable entry size: 512
 Card Set container configuration: InlinePtr #cards 5 size 8 Array Of Cards #cards 12 size 40 Howl #buckets 4 coarsen threshold 1843 Howl Bitmap #cards 512 size 80 coarsen threshold 460 Card regions per heap region 1 cards per card region 2048
 CPUs: 4 total, 4 available
 Memory: 7991M
 Large Page Support: Disabled
 NUMA Support: Disabled
 Compressed Oops: Enabled (32-bit)
 Heap Region Size: 1M
 Heap Min Capacity: 8M
 Heap Initial Capacity: 126M
 Heap Max Capacity: 1998M
 Pre-touch: Disabled
 Parallel Workers: 4
 Concurrent Workers: 1
 Concurrent Refinement Workers: 4
 Periodic GC: Disabled

Heap:
 garbage-first heap   total 106496K, used 92930K [0x0000000083200000, 0x0000000100000000)
  region size 1024K, 64 young (65536K), 5 survivors (5120K)
 Metaspace       used 96493K, committed 97600K, reserved 1179648K
  class space    used 12279K, committed 12736K, reserved 1048576K

Heap Regions: E=young(eden), S=young(survivor), O=old, HS=humongous(starts), HC=humongous(continues), CS=collection set, F=free, TAMS=top-at-mark-start, PB=parsable bottom
|   0|0x0000000083200000, 0x0000000083300000, 0x0000000083300000|100%|HS|  |TAMS 0x0000000083200000| PB 0x0000000083200000| Untracked 
|   1|0x0000000083300000, 0x0000000083400000, 0x0000000083400000|100%| O|  |TAMS 0x0000000083300000| PB 0x0000000083300000| Untracked 
|   2|0x0000000083400000, 0x0000000083500000, 0x0000000083500000|100%| O|  |TAMS 0x0000000083400000| PB 0x0000000083400000| Untracked 
|   3|0x0000000083500000, 0x0000000083600000, 0x0000000083600000|100%| O|  |TAMS 0x0000000083500000| PB 0x0000000083500000| Untracked 
|   4|0x0000000083600000, 0x00000000836ffff0, 0x0000000083700000| 99%| O|  |TAMS 0x0000000083600000| PB 0x0000000083600000| Untracked 
|   5|0x0000000083700000, 0x0000000083800000, 0x0000000083800000|100%| O|  |TAMS 0x0000000083700000| PB 0x0000000083700000| Untracked 
|   6|0x0000000083800000, 0x00000000838ffff0, 0x0000000083900000| 99%| O|  |TAMS 0x0000000083800000| PB 0x0000000083800000| Untracked 
|   7|0x0000000083900000, 0x00000000839fe278, 0x0000000083a00000| 99%| O|  |TAMS 0x0000000083900000| PB 0x0000000083900000| Untracked 
|   8|0x0000000083a00000, 0x0000000083affff0, 0x0000000083b00000| 99%| O|  |TAMS 0x0000000083a00000| PB 0x0000000083a00000| Untracked 
|   9|0x0000000083b00000, 0x0000000083bfffe8, 0x0000000083c00000| 99%| O|  |TAMS 0x0000000083b00000| PB 0x0000000083b00000| Untracked 
|  10|0x0000000083c00000, 0x0000000083cffff0, 0x0000000083d00000| 99%| O|  |TAMS 0x0000000083c00000| PB 0x0000000083c00000| Untracked 
|  11|0x0000000083d00000, 0x0000000083dffff8, 0x0000000083e00000| 99%| O|  |TAMS 0x0000000083d00000| PB 0x0000000083d00000| Untracked 
|  12|0x0000000083e00000, 0x0000000083efffb8, 0x0000000083f00000| 99%| O|  |TAMS 0x0000000083e00000| PB 0x0000000083e00000| Untracked 
|  13|0x0000000083f00000, 0x0000000083fffff0, 0x0000000084000000| 99%| O|  |TAMS 0x0000000083f00000| PB 0x0000000083f00000| Untracked 
|  14|0x0000000084000000, 0x00000000840fffa8, 0x0000000084100000| 99%| O|  |TAMS 0x0000000084000000| PB 0x0000000084000000| Untracked 
|  15|0x0000000084100000, 0x00000000841ffff0, 0x0000000084200000| 99%| O|  |TAMS 0x0000000084100000| PB 0x0000000084100000| Untracked 
|  16|0x0000000084200000, 0x00000000842fffb8, 0x0000000084300000| 99%| O|  |TAMS 0x0000000084200000| PB 0x0000000084200000| Untracked 
|  17|0x0000000084300000, 0x0000000084400000, 0x0000000084400000|100%| O|  |TAMS 0x0000000084300000| PB 0x0000000084300000| Untracked 
|  18|0x0000000084400000, 0x00000000844fffe0, 0x0000000084500000| 99%| O|  |TAMS 0x0000000084400000| PB 0x0000000084400000| Untracked 
|  19|0x0000000084500000, 0x0000000084600000, 0x0000000084600000|100%| O|  |TAMS 0x0000000084500000| PB 0x0000000084500000| Untracked 
|  20|0x0000000084600000, 0x00000000846ffff0, 0x0000000084700000| 99%| O|  |TAMS 0x0000000084600000| PB 0x0000000084600000| Untracked 
|  21|0x0000000084700000, 0x0000000084800000, 0x0000000084800000|100%| O|  |TAMS 0x0000000084700000| PB 0x0000000084700000| Untracked 
|  22|0x0000000084800000, 0x00000000848fffe0, 0x0000000084900000| 99%| O|  |TAMS 0x0000000084800000| PB 0x0000000084800000| Untracked 
|  23|0x0000000084900000, 0x00000000849fffb0, 0x0000000084a00000| 99%| O|  |TAMS 0x0000000084900000| PB 0x0000000084900000| Untracked 
|  24|0x0000000084a00000, 0x0000000084b00000, 0x0000000084b00000|100%| O|  |TAMS 0x0000000084a00000| PB 0x0000000084a00000| Untracked 
|  25|0x0000000084b00000, 0x0000000084bfffe0, 0x0000000084c00000| 99%| O|  |TAMS 0x0000000084b00000| PB 0x0000000084b00000| Untracked 
|  26|0x0000000084c00000, 0x0000000084cffff8, 0x0000000084d00000| 99%| O|  |TAMS 0x0000000084c00000| PB 0x0000000084c00000| Untracked 
|  27|0x0000000084d00000, 0x0000000084dfffd0, 0x0000000084e00000| 99%| O|  |TAMS 0x0000000084d00000| PB 0x0000000084d00000| Untracked 
|  28|0x0000000084e00000, 0x0000000084effff0, 0x0000000084f00000| 99%| O|  |TAMS 0x0000000084e00000| PB 0x0000000084e00000| Untracked 
|  29|0x0000000084f00000, 0x0000000084ff20a8, 0x0000000085000000| 94%| O|  |TAMS 0x0000000084f00000| PB 0x0000000084f00000| Untracked 
|  30|0x0000000085000000, 0x00000000850fffe0, 0x0000000085100000| 99%| O|  |TAMS 0x0000000085000000| PB 0x0000000085000000| Untracked 
|  31|0x0000000085100000, 0x0000000085140ab0, 0x0000000085200000| 25%| O|  |TAMS 0x0000000085100000| PB 0x0000000085100000| Untracked 
|  32|0x0000000085200000, 0x0000000085200000, 0x0000000085300000|  0%| F|  |TAMS 0x0000000085200000| PB 0x0000000085200000| Untracked 
|  33|0x0000000085300000, 0x0000000085398150, 0x0000000085400000| 59%| O|  |TAMS 0x0000000085300000| PB 0x0000000085300000| Untracked 
|  34|0x0000000085400000, 0x0000000085400000, 0x0000000085500000|  0%| F|  |TAMS 0x0000000085400000| PB 0x0000000085400000| Untracked 
|  35|0x0000000085500000, 0x0000000085500000, 0x0000000085600000|  0%| F|  |TAMS 0x0000000085500000| PB 0x0000000085500000| Untracked 
|  36|0x0000000085600000, 0x0000000085600000, 0x0000000085700000|  0%| F|  |TAMS 0x0000000085600000| PB 0x0000000085600000| Untracked 
|  37|0x0000000085700000, 0x0000000085700000, 0x0000000085800000|  0%| F|  |TAMS 0x0000000085700000| PB 0x0000000085700000| Untracked 
|  38|0x0000000085800000, 0x0000000085800000, 0x0000000085900000|  0%| F|  |TAMS 0x0000000085800000| PB 0x0000000085800000| Untracked 
|  39|0x0000000085900000, 0x0000000085900000, 0x0000000085a00000|  0%| F|  |TAMS 0x0000000085900000| PB 0x0000000085900000| Untracked 
|  40|0x0000000085a00000, 0x0000000085b00000, 0x0000000085b00000|100%| S|  |TAMS 0x0000000085a00000| PB 0x0000000085a00000| Complete 
|  41|0x0000000085b00000, 0x0000000085c00000, 0x0000000085c00000|100%| S|  |TAMS 0x0000000085b00000| PB 0x0000000085b00000| Complete 
|  42|0x0000000085c00000, 0x0000000085d00000, 0x0000000085d00000|100%| S|  |TAMS 0x0000000085c00000| PB 0x0000000085c00000| Complete 
|  43|0x0000000085d00000, 0x0000000085e00000, 0x0000000085e00000|100%| S|  |TAMS 0x0000000085d00000| PB 0x0000000085d00000| Complete 
|  44|0x0000000085e00000, 0x0000000085f00000, 0x0000000085f00000|100%| S|  |TAMS 0x0000000085e00000| PB 0x0000000085e00000| Complete 
|  45|0x0000000085f00000, 0x0000000085ff7e88, 0x0000000086000000| 96%| E|CS|TAMS 0x0000000085f00000| PB 0x0000000085f00000| Complete 
|  46|0x0000000086000000, 0x0000000086100000, 0x0000000086100000|100%| E|CS|TAMS 0x0000000086000000| PB 0x0000000086000000| Complete 
|  47|0x0000000086100000, 0x0000000086200000, 0x0000000086200000|100%| E|CS|TAMS 0x0000000086100000| PB 0x0000000086100000| Complete 
|  48|0x0000000086200000, 0x0000000086300000, 0x0000000086300000|100%| E|CS|TAMS 0x0000000086200000| PB 0x0000000086200000| Complete 
|  49|0x0000000086300000, 0x0000000086400000, 0x0000000086400000|100%| E|CS|TAMS 0x0000000086300000| PB 0x0000000086300000| Complete 
|  50|0x0000000086400000, 0x0000000086500000, 0x0000000086500000|100%| E|CS|TAMS 0x0000000086400000| PB 0x0000000086400000| Complete 
|  51|0x0000000086500000, 0x0000000086600000, 0x0000000086600000|100%| E|CS|TAMS 0x0000000086500000| PB 0x0000000086500000| Complete 
|  52|0x0000000086600000, 0x0000000086700000, 0x0000000086700000|100%| E|CS|TAMS 0x0000000086600000| PB 0x0000000086600000| Complete 
|  53|0x0000000086700000, 0x0000000086800000, 0x0000000086800000|100%| E|CS|TAMS 0x0000000086700000| PB 0x0000000086700000| Complete 
|  54|0x0000000086800000, 0x0000000086900000, 0x0000000086900000|100%| E|CS|TAMS 0x0000000086800000| PB 0x0000000086800000| Complete 
|  55|0x0000000086900000, 0x0000000086a00000, 0x0000000086a00000|100%| E|CS|TAMS 0x0000000086900000| PB 0x0000000086900000| Complete 
|  56|0x0000000086a00000, 0x0000000086b00000, 0x0000000086b00000|100%| E|CS|TAMS 0x0000000086a00000| PB 0x0000000086a00000| Complete 
|  57|0x0000000086b00000, 0x0000000086c00000, 0x0000000086c00000|100%| E|CS|TAMS 0x0000000086b00000| PB 0x0000000086b00000| Complete 
|  58|0x0000000086c00000, 0x0000000086d00000, 0x0000000086d00000|100%| E|CS|TAMS 0x0000000086c00000| PB 0x0000000086c00000| Complete 
|  59|0x0000000086d00000, 0x0000000086e00000, 0x0000000086e00000|100%| E|CS|TAMS 0x0000000086d00000| PB 0x0000000086d00000| Complete 
|  60|0x0000000086e00000, 0x0000000086f00000, 0x0000000086f00000|100%| E|CS|TAMS 0x0000000086e00000| PB 0x0000000086e00000| Complete 
|  61|0x0000000086f00000, 0x0000000087000000, 0x0000000087000000|100%| E|CS|TAMS 0x0000000086f00000| PB 0x0000000086f00000| Complete 
|  62|0x0000000087000000, 0x0000000087100000, 0x0000000087100000|100%| E|CS|TAMS 0x0000000087000000| PB 0x0000000087000000| Complete 
|  63|0x0000000087100000, 0x0000000087200000, 0x0000000087200000|100%| E|CS|TAMS 0x0000000087100000| PB 0x0000000087100000| Complete 
|  64|0x0000000087200000, 0x0000000087300000, 0x0000000087300000|100%| E|CS|TAMS 0x0000000087200000| PB 0x0000000087200000| Complete 
|  65|0x0000000087300000, 0x0000000087400000, 0x0000000087400000|100%| E|CS|TAMS 0x0000000087300000| PB 0x0000000087300000| Complete 
|  66|0x0000000087400000, 0x0000000087500000, 0x0000000087500000|100%| E|CS|TAMS 0x0000000087400000| PB 0x0000000087400000| Complete 
|  67|0x0000000087500000, 0x0000000087600000, 0x0000000087600000|100%| E|CS|TAMS 0x0000000087500000| PB 0x0000000087500000| Complete 
|  68|0x0000000087600000, 0x0000000087700000, 0x0000000087700000|100%| E|CS|TAMS 0x0000000087600000| PB 0x0000000087600000| Complete 
|  69|0x0000000087700000, 0x0000000087800000, 0x0000000087800000|100%| E|CS|TAMS 0x0000000087700000| PB 0x0000000087700000| Complete 
|  70|0x0000000087800000, 0x0000000087900000, 0x0000000087900000|100%| E|CS|TAMS 0x0000000087800000| PB 0x0000000087800000| Complete 
|  71|0x0000000087900000, 0x0000000087a00000, 0x0000000087a00000|100%| E|CS|TAMS 0x0000000087900000| PB 0x0000000087900000| Complete 
|  72|0x0000000087a00000, 0x0000000087b00000, 0x0000000087b00000|100%| E|CS|TAMS 0x0000000087a00000| PB 0x0000000087a00000| Complete 
|  73|0x0000000087b00000, 0x0000000087c00000, 0x0000000087c00000|100%| E|CS|TAMS 0x0000000087b00000| PB 0x0000000087b00000| Complete 
|  74|0x0000000087c00000, 0x0000000087d00000, 0x0000000087d00000|100%| E|CS|TAMS 0x0000000087c00000| PB 0x0000000087c00000| Complete 
|  75|0x0000000087d00000, 0x0000000087e00000, 0x0000000087e00000|100%| E|CS|TAMS 0x0000000087d00000| PB 0x0000000087d00000| Complete 
|  76|0x0000000087e00000, 0x0000000087f00000, 0x0000000087f00000|100%| E|CS|TAMS 0x0000000087e00000| PB 0x0000000087e00000| Complete 
|  77|0x0000000087f00000, 0x0000000088000000, 0x0000000088000000|100%| E|CS|TAMS 0x0000000087f00000| PB 0x0000000087f00000| Complete 
|  78|0x0000000088000000, 0x0000000088100000, 0x0000000088100000|100%| E|CS|TAMS 0x0000000088000000| PB 0x0000000088000000| Complete 
|  79|0x0000000088100000, 0x0000000088200000, 0x0000000088200000|100%| E|CS|TAMS 0x0000000088100000| PB 0x0000000088100000| Complete 
|  80|0x0000000088200000, 0x0000000088300000, 0x0000000088300000|100%| E|CS|TAMS 0x0000000088200000| PB 0x0000000088200000| Complete 
|  81|0x0000000088300000, 0x0000000088400000, 0x0000000088400000|100%| E|CS|TAMS 0x0000000088300000| PB 0x0000000088300000| Complete 
|  82|0x0000000088400000, 0x0000000088500000, 0x0000000088500000|100%| E|CS|TAMS 0x0000000088400000| PB 0x0000000088400000| Complete 
|  83|0x0000000088500000, 0x0000000088600000, 0x0000000088600000|100%| E|CS|TAMS 0x0000000088500000| PB 0x0000000088500000| Complete 
|  84|0x0000000088600000, 0x0000000088700000, 0x0000000088700000|100%| E|CS|TAMS 0x0000000088600000| PB 0x0000000088600000| Complete 
|  85|0x0000000088700000, 0x0000000088800000, 0x0000000088800000|100%| E|CS|TAMS 0x0000000088700000| PB 0x0000000088700000| Complete 
|  86|0x0000000088800000, 0x0000000088900000, 0x0000000088900000|100%| E|CS|TAMS 0x0000000088800000| PB 0x0000000088800000| Complete 
|  87|0x0000000088900000, 0x0000000088a00000, 0x0000000088a00000|100%| E|CS|TAMS 0x0000000088900000| PB 0x0000000088900000| Complete 
|  88|0x0000000088a00000, 0x0000000088b00000, 0x0000000088b00000|100%| E|CS|TAMS 0x0000000088a00000| PB 0x0000000088a00000| Complete 
|  89|0x0000000088b00000, 0x0000000088c00000, 0x0000000088c00000|100%| E|CS|TAMS 0x0000000088b00000| PB 0x0000000088b00000| Complete 
|  90|0x0000000088c00000, 0x0000000088d00000, 0x0000000088d00000|100%| E|CS|TAMS 0x0000000088c00000| PB 0x0000000088c00000| Complete 
|  91|0x0000000088d00000, 0x0000000088e00000, 0x0000000088e00000|100%| E|CS|TAMS 0x0000000088d00000| PB 0x0000000088d00000| Complete 
|  92|0x0000000088e00000, 0x0000000088f00000, 0x0000000088f00000|100%| E|CS|TAMS 0x0000000088e00000| PB 0x0000000088e00000| Complete 
|  93|0x0000000088f00000, 0x0000000089000000, 0x0000000089000000|100%| E|CS|TAMS 0x0000000088f00000| PB 0x0000000088f00000| Complete 
|  94|0x0000000089000000, 0x0000000089100000, 0x0000000089100000|100%| E|CS|TAMS 0x0000000089000000| PB 0x0000000089000000| Complete 
|  95|0x0000000089100000, 0x0000000089200000, 0x0000000089200000|100%| E|CS|TAMS 0x0000000089100000| PB 0x0000000089100000| Complete 
|  96|0x0000000089200000, 0x0000000089300000, 0x0000000089300000|100%| E|CS|TAMS 0x0000000089200000| PB 0x0000000089200000| Complete 
|  97|0x0000000089300000, 0x0000000089400000, 0x0000000089400000|100%| E|CS|TAMS 0x0000000089300000| PB 0x0000000089300000| Complete 
|  98|0x0000000089400000, 0x0000000089500000, 0x0000000089500000|100%| E|CS|TAMS 0x0000000089400000| PB 0x0000000089400000| Complete 
|  99|0x0000000089500000, 0x0000000089600000, 0x0000000089600000|100%| E|CS|TAMS 0x0000000089500000| PB 0x0000000089500000| Complete 
| 100|0x0000000089600000, 0x0000000089700000, 0x0000000089700000|100%| E|CS|TAMS 0x0000000089600000| PB 0x0000000089600000| Complete 
| 101|0x0000000089700000, 0x0000000089800000, 0x0000000089800000|100%| E|CS|TAMS 0x0000000089700000| PB 0x0000000089700000| Complete 
| 102|0x0000000089800000, 0x0000000089900000, 0x0000000089900000|100%| E|CS|TAMS 0x0000000089800000| PB 0x0000000089800000| Complete 
| 103|0x0000000089900000, 0x0000000089a00000, 0x0000000089a00000|100%| E|CS|TAMS 0x0000000089900000| PB 0x0000000089900000| Complete 

Card table byte_map: [0x0000017126a90000,0x0000017126e80000] _byte_map_base: 0x0000017126677000

Marking Bits: (CMBitMap*) 0x000001711fc00ea0
 Bits: [0x0000017126e80000, 0x0000017128db8000)

Polling page: 0x000001711da90000

Metaspace:

Usage:
  Non-class:     82.24 MB used.
      Class:     11.99 MB used.
       Both:     94.23 MB used.

Virtual space:
  Non-class space:      128.00 MB reserved,      82.88 MB ( 65%) committed,  2 nodes.
      Class space:        1.00 GB reserved,      12.44 MB (  1%) committed,  1 nodes.
             Both:        1.12 GB reserved,      95.31 MB (  8%) committed. 

Chunk freelists:
   Non-Class:  12.21 MB
       Class:  3.58 MB
        Both:  15.80 MB

MaxMetaspaceSize: unlimited
CompressedClassSpaceSize: 1.00 GB
Initial GC threshold: 21.00 MB
Current GC threshold: 158.38 MB
CDS: off
 - commit_granule_bytes: 65536.
 - commit_granule_words: 8192.
 - virtual_space_node_default_size: 8388608.
 - enlarge_chunks_in_place: 1.
 - use_allocation_guard: 0.


Internal statistics:

num_allocs_failed_limit: 12.
num_arena_births: 2500.
num_arena_deaths: 1478.
num_vsnodes_births: 3.
num_vsnodes_deaths: 0.
num_space_committed: 1544.
num_space_uncommitted: 12.
num_chunks_returned_to_freelist: 2340.
num_chunks_taken_from_freelist: 7082.
num_chunk_merges: 401.
num_chunk_splits: 3657.
num_chunks_enlarged: 2521.
num_inconsistent_stats: 0.

CodeCache: size=49152Kb used=24863Kb max_used=26039Kb free=24288Kb
 bounds [0x00000171236a0000, 0x00000171250a0000, 0x00000171266a0000]
 total_blobs=12373 nmethods=11606 adapters=688
 compilation: enabled
              stopped_count=0, restarted_count=0
 full_count=0

Compilation events (20 events):
Event: 4723.591 Thread 0x000001712b236b10 17837       1       java.nio.CharBuffer::charAt (16 bytes)
Event: 4723.592 Thread 0x000001712b236b10 nmethod 17837 0x0000017124dcfb90 code [0x0000017124dcfd40, 0x0000017124dcfe98]
Event: 4723.592 Thread 0x000001712b236b10 17838       1       java.nio.HeapCharBuffer::get (15 bytes)
Event: 4723.592 Thread 0x000001712b236b10 nmethod 17838 0x0000017124e07590 code [0x0000017124e07740, 0x0000017124e07880]
Event: 4723.592 Thread 0x000001712b236b10 17839       1       java.lang.String::<init> (14 bytes)
Event: 4723.592 Thread 0x000001712b236b10 nmethod 17839 0x0000017124c4a210 code [0x0000017124c4a3e0, 0x0000017124c4a588]
Event: 4723.592 Thread 0x000001712b236b10 17840       1       java.lang.String::rangeCheck (10 bytes)
Event: 4723.593 Thread 0x000001712b236b10 nmethod 17840 0x0000017124e0d790 code [0x0000017124e0d940, 0x0000017124e0da88]
Event: 4723.595 Thread 0x000001712b236b10 17841       1       java.lang.invoke.MethodHandles::foldArgumentsWithCombiner (9 bytes)
Event: 4723.595 Thread 0x000001712b236b10 nmethod 17841 0x000001712499a090 code [0x000001712499a240, 0x000001712499a330]
Event: 4723.595 Thread 0x000001712b236b10 17842       1       java.util.ImmutableCollections$List12::isEmpty (2 bytes)
Event: 4723.595 Thread 0x000001712b236b10 nmethod 17842 0x000001712445ba90 code [0x000001712445bc20, 0x000001712445bce8]
Event: 4723.595 Thread 0x000001712b236b10 17843       1       java.lang.invoke.LambdaForm$Name::internArguments (62 bytes)
Event: 4723.596 Thread 0x000001712b236b10 nmethod 17843 0x0000017124772510 code [0x00000171247726c0, 0x0000017124772948]
Event: 4723.596 Thread 0x000001712b236b10 17844   !   1       org.apache.tomcat.util.res.StringManager::getString (42 bytes)
Event: 4723.596 Thread 0x000001712b236b10 nmethod 17844 0x00000171249a6090 code [0x00000171249a6260, 0x00000171249a6488]
Event: 4723.596 Thread 0x000001712b236b10 17845       1       java.lang.StringUTF16::putChar (54 bytes)
Event: 4723.597 Thread 0x000001712b236b10 nmethod 17845 0x000001712499fc90 code [0x000001712499fe20, 0x000001712499ff20]
Event: 4723.597 Thread 0x000001712b236b10 17846       1       java.lang.String::checkBoundsOffCount (10 bytes)
Event: 4723.597 Thread 0x000001712b236b10 nmethod 17846 0x0000017124ee9490 code [0x0000017124ee9640, 0x0000017124ee9768]

GC Heap History (20 events):
Event: 4285.495 GC heap after
{Heap after GC invocations=113 (full 40):
 garbage-first heap   total 106496K, used 36232K [0x0000000083200000, 0x0000000100000000)
  region size 1024K, 5 young (5120K), 5 survivors (5120K)
 Metaspace       used 94885K, committed 95936K, reserved 1179648K
  class space    used 12124K, committed 12544K, reserved 1048576K
}
Event: 4288.074 GC heap before
{Heap before GC invocations=113 (full 40):
 garbage-first heap   total 106496K, used 53640K [0x0000000083200000, 0x0000000100000000)
  region size 1024K, 24 young (24576K), 5 survivors (5120K)
 Metaspace       used 94892K, committed 95936K, reserved 1179648K
  class space    used 12126K, committed 12544K, reserved 1048576K
}
Event: 4288.131 GC heap after
{Heap after GC invocations=114 (full 41):
 garbage-first heap   total 106496K, used 31147K [0x0000000083200000, 0x0000000100000000)
  region size 1024K, 0 young (0K), 0 survivors (0K)
 Metaspace       used 94884K, committed 95936K, reserved 1179648K
  class space    used 12124K, committed 12544K, reserved 1048576K
}
Event: 4288.621 GC heap before
{Heap before GC invocations=114 (full 41):
 garbage-first heap   total 106496K, used 90539K [0x0000000083200000, 0x0000000100000000)
  region size 1024K, 59 young (60416K), 0 survivors (0K)
 Metaspace       used 95184K, committed 96256K, reserved 1179648K
  class space    used 12151K, committed 12608K, reserved 1048576K
}
Event: 4288.625 GC heap after
{Heap after GC invocations=115 (full 41):
 garbage-first heap   total 106496K, used 36160K [0x0000000083200000, 0x0000000100000000)
  region size 1024K, 5 young (5120K), 5 survivors (5120K)
 Metaspace       used 95184K, committed 96256K, reserved 1179648K
  class space    used 12151K, committed 12608K, reserved 1048576K
}
Event: 4337.256 GC heap before
{Heap before GC invocations=115 (full 41):
 garbage-first heap   total 106496K, used 55616K [0x0000000083200000, 0x0000000100000000)
  region size 1024K, 25 young (25600K), 5 survivors (5120K)
 Metaspace       used 95197K, committed 96256K, reserved 1179648K
  class space    used 12153K, committed 12608K, reserved 1048576K
}
Event: 4337.313 GC heap after
{Heap after GC invocations=116 (full 42):
 garbage-first heap   total 106496K, used 31313K [0x0000000083200000, 0x0000000100000000)
  region size 1024K, 0 young (0K), 0 survivors (0K)
 Metaspace       used 95191K, committed 96256K, reserved 1179648K
  class space    used 12152K, committed 12608K, reserved 1048576K
}
Event: 4337.983 GC heap before
{Heap before GC invocations=116 (full 42):
 garbage-first heap   total 106496K, used 89681K [0x0000000083200000, 0x0000000100000000)
  region size 1024K, 58 young (59392K), 0 survivors (0K)
 Metaspace       used 95498K, committed 96576K, reserved 1179648K
  class space    used 12182K, committed 12608K, reserved 1048576K
}
Event: 4337.988 GC heap after
{Heap after GC invocations=117 (full 42):
 garbage-first heap   total 106496K, used 36316K [0x0000000083200000, 0x0000000100000000)
  region size 1024K, 5 young (5120K), 5 survivors (5120K)
 Metaspace       used 95498K, committed 96576K, reserved 1179648K
  class space    used 12182K, committed 12608K, reserved 1048576K
}
Event: 4339.569 GC heap before
{Heap before GC invocations=117 (full 42):
 garbage-first heap   total 106496K, used 54748K [0x0000000083200000, 0x0000000100000000)
  region size 1024K, 24 young (24576K), 5 survivors (5120K)
 Metaspace       used 95503K, committed 96576K, reserved 1179648K
  class space    used 12183K, committed 12608K, reserved 1048576K
}
Event: 4339.652 GC heap after
{Heap after GC invocations=118 (full 43):
 garbage-first heap   total 106496K, used 31595K [0x0000000083200000, 0x0000000100000000)
  region size 1024K, 0 young (0K), 0 survivors (0K)
 Metaspace       used 95497K, committed 96576K, reserved 1179648K
  class space    used 12182K, committed 12608K, reserved 1048576K
}
Event: 4340.115 GC heap before
{Heap before GC invocations=118 (full 43):
 garbage-first heap   total 106496K, used 89963K [0x0000000083200000, 0x0000000100000000)
  region size 1024K, 58 young (59392K), 0 survivors (0K)
 Metaspace       used 95794K, committed 96896K, reserved 1179648K
  class space    used 12209K, committed 12672K, reserved 1048576K
}
Event: 4340.121 GC heap after
{Heap after GC invocations=119 (full 43):
 garbage-first heap   total 106496K, used 36715K [0x0000000083200000, 0x0000000100000000)
  region size 1024K, 5 young (5120K), 5 survivors (5120K)
 Metaspace       used 95794K, committed 96896K, reserved 1179648K
  class space    used 12209K, committed 12672K, reserved 1048576K
}
Event: 4343.838 GC heap before
{Heap before GC invocations=119 (full 43):
 garbage-first heap   total 106496K, used 55147K [0x0000000083200000, 0x0000000100000000)
  region size 1024K, 24 young (24576K), 5 survivors (5120K)
 Metaspace       used 95801K, committed 96896K, reserved 1179648K
  class space    used 12210K, committed 12672K, reserved 1048576K
}
Event: 4343.899 GC heap after
{Heap after GC invocations=120 (full 44):
 garbage-first heap   total 106496K, used 31817K [0x0000000083200000, 0x0000000100000000)
  region size 1024K, 0 young (0K), 0 survivors (0K)
 Metaspace       used 95794K, committed 96896K, reserved 1179648K
  class space    used 12209K, committed 12672K, reserved 1048576K
}
Event: 4344.365 GC heap before
{Heap before GC invocations=120 (full 44):
 garbage-first heap   total 106496K, used 90185K [0x0000000083200000, 0x0000000100000000)
  region size 1024K, 58 young (59392K), 0 survivors (0K)
 Metaspace       used 96092K, committed 97216K, reserved 1179648K
  class space    used 12235K, committed 12736K, reserved 1048576K
}
Event: 4344.370 GC heap after
{Heap after GC invocations=121 (full 44):
 garbage-first heap   total 106496K, used 36806K [0x0000000083200000, 0x0000000100000000)
  region size 1024K, 5 young (5120K), 5 survivors (5120K)
 Metaspace       used 96092K, committed 97216K, reserved 1179648K
  class space    used 12235K, committed 12736K, reserved 1048576K
}
Event: 4513.132 GC heap before
{Heap before GC invocations=121 (full 44):
 garbage-first heap   total 106496K, used 63430K [0x0000000083200000, 0x0000000100000000)
  region size 1024K, 32 young (32768K), 5 survivors (5120K)
 Metaspace       used 96117K, committed 97280K, reserved 1179648K
  class space    used 12241K, committed 12736K, reserved 1048576K
}
Event: 4513.205 GC heap after
{Heap after GC invocations=122 (full 45):
 garbage-first heap   total 106496K, used 32547K [0x0000000083200000, 0x0000000100000000)
  region size 1024K, 0 young (0K), 0 survivors (0K)
 Metaspace       used 96111K, committed 97280K, reserved 1179648K
  class space    used 12240K, committed 12736K, reserved 1048576K
}
Event: 4723.600 GC heap before
{Heap before GC invocations=122 (full 45):
 garbage-first heap   total 106496K, used 91939K [0x0000000083200000, 0x0000000100000000)
  region size 1024K, 59 young (60416K), 0 survivors (0K)
 Metaspace       used 96493K, committed 97600K, reserved 1179648K
  class space    used 12279K, committed 12736K, reserved 1048576K
}

Dll operation events (12 events):
Event: 0.013 Loaded shared library C:\Users\test\Downloads\sts-4.23.1.RELEASE\plugins\org.eclipse.justj.openjdk.hotspot.jre.full.win32.x86_64_21.0.3.v20240426-1530\jre\bin\java.dll
Event: 0.019 Loaded shared library C:\Users\test\Downloads\sts-4.23.1.RELEASE\plugins\org.eclipse.justj.openjdk.hotspot.jre.full.win32.x86_64_21.0.3.v20240426-1530\jre\bin\zip.dll
Event: 0.389 Loaded shared library C:\Users\test\Downloads\sts-4.23.1.RELEASE\plugins\org.eclipse.justj.openjdk.hotspot.jre.full.win32.x86_64_21.0.3.v20240426-1530\jre\bin\instrument.dll
Event: 0.399 Loaded shared library C:\Users\test\Downloads\sts-4.23.1.RELEASE\plugins\org.eclipse.justj.openjdk.hotspot.jre.full.win32.x86_64_21.0.3.v20240426-1530\jre\bin\net.dll
Event: 0.400 Loaded shared library C:\Users\test\Downloads\sts-4.23.1.RELEASE\plugins\org.eclipse.justj.openjdk.hotspot.jre.full.win32.x86_64_21.0.3.v20240426-1530\jre\bin\nio.dll
Event: 0.408 Loaded shared library C:\Users\test\Downloads\sts-4.23.1.RELEASE\plugins\org.eclipse.justj.openjdk.hotspot.jre.full.win32.x86_64_21.0.3.v20240426-1530\jre\bin\zip.dll
Event: 0.549 Loaded shared library C:\Users\test\Downloads\sts-4.23.1.RELEASE\plugins\org.eclipse.justj.openjdk.hotspot.jre.full.win32.x86_64_21.0.3.v20240426-1530\jre\bin\jimage.dll
Event: 0.604 Loaded shared library C:\Users\test\Downloads\sts-4.23.1.RELEASE\plugins\org.eclipse.justj.openjdk.hotspot.jre.full.win32.x86_64_21.0.3.v20240426-1530\jre\bin\management.dll
Event: 0.613 Loaded shared library C:\Users\test\Downloads\sts-4.23.1.RELEASE\plugins\org.eclipse.justj.openjdk.hotspot.jre.full.win32.x86_64_21.0.3.v20240426-1530\jre\bin\management_ext.dll
Event: 0.831 Loaded shared library C:\Users\test\Downloads\sts-4.23.1.RELEASE\plugins\org.eclipse.justj.openjdk.hotspot.jre.full.win32.x86_64_21.0.3.v20240426-1530\jre\bin\extnet.dll
Event: 0.853 Loaded shared library C:\Users\test\Downloads\sts-4.23.1.RELEASE\plugins\org.eclipse.justj.openjdk.hotspot.jre.full.win32.x86_64_21.0.3.v20240426-1530\jre\bin\verify.dll
Event: 1.711 Loaded shared library C:\Users\test\Downloads\sts-4.23.1.RELEASE\plugins\org.eclipse.justj.openjdk.hotspot.jre.full.win32.x86_64_21.0.3.v20240426-1530\jre\bin\sunmscapi.dll

Deoptimization events (20 events):
Event: 4723.572 Thread 0x0000017130a38c40 DEOPT PACKING pc=0x0000017123e205f4 sp=0x0000006064afd400
Event: 4723.572 Thread 0x0000017130a38c40 DEOPT UNPACKING pc=0x00000171236f88e2 sp=0x0000006064afc9c0 mode 1
Event: 4723.572 Thread 0x0000017130a38c40 DEOPT PACKING pc=0x0000017123e1eecc sp=0x0000006064afd1a0
Event: 4723.572 Thread 0x0000017130a38c40 DEOPT UNPACKING pc=0x00000171236f88e2 sp=0x0000006064afc6d8 mode 1
Event: 4723.572 Thread 0x0000017130a38c40 DEOPT PACKING pc=0x0000017123e1dfcc sp=0x0000006064afd290
Event: 4723.572 Thread 0x0000017130a38c40 DEOPT UNPACKING pc=0x00000171236f88e2 sp=0x0000006064afc840 mode 1
Event: 4723.572 Thread 0x0000017130a38c40 DEOPT PACKING pc=0x0000017123e205f4 sp=0x0000006064afd400
Event: 4723.572 Thread 0x0000017130a38c40 DEOPT UNPACKING pc=0x00000171236f88e2 sp=0x0000006064afc9c0 mode 1
Event: 4723.572 Thread 0x0000017130a38c40 DEOPT PACKING pc=0x0000017123e1eecc sp=0x0000006064afd1a0
Event: 4723.572 Thread 0x0000017130a38c40 DEOPT UNPACKING pc=0x00000171236f88e2 sp=0x0000006064afc6d8 mode 1
Event: 4723.572 Thread 0x0000017130a38c40 DEOPT PACKING pc=0x0000017123e1dfcc sp=0x0000006064afd290
Event: 4723.573 Thread 0x0000017130a38c40 DEOPT UNPACKING pc=0x00000171236f88e2 sp=0x0000006064afc840 mode 1
Event: 4723.573 Thread 0x0000017130a38c40 DEOPT PACKING pc=0x0000017123e205f4 sp=0x0000006064afd400
Event: 4723.573 Thread 0x0000017130a38c40 DEOPT UNPACKING pc=0x00000171236f88e2 sp=0x0000006064afc9c0 mode 1
Event: 4723.573 Thread 0x0000017130a38c40 DEOPT PACKING pc=0x0000017123e1eecc sp=0x0000006064afd1a0
Event: 4723.573 Thread 0x0000017130a38c40 DEOPT UNPACKING pc=0x00000171236f88e2 sp=0x0000006064afc6d8 mode 1
Event: 4723.573 Thread 0x0000017130a38c40 DEOPT PACKING pc=0x0000017123e1dfcc sp=0x0000006064afd290
Event: 4723.573 Thread 0x0000017130a38c40 DEOPT UNPACKING pc=0x00000171236f88e2 sp=0x0000006064afc840 mode 1
Event: 4723.573 Thread 0x0000017130a38c40 DEOPT PACKING pc=0x0000017123e205f4 sp=0x0000006064afd400
Event: 4723.573 Thread 0x0000017130a38c40 DEOPT UNPACKING pc=0x00000171236f88e2 sp=0x0000006064afc9c0 mode 1

Classes loaded (20 events):
Event: 251.261 Loading class java/lang/ref/Finalizer$1
Event: 251.261 Loading class java/lang/ref/Finalizer$1 done
Event: 253.273 Loading class java/time/DurationEditor
Event: 253.273 Loading class java/time/DurationEditor done
Event: 1372.834 Loading class java/time/DurationEditor
Event: 1372.835 Loading class java/time/DurationEditor done
Event: 1373.054 Loading class java/util/concurrent/locks/ReentrantReadWriteLock$Sync$HoldCounter
Event: 1373.055 Loading class java/util/concurrent/locks/ReentrantReadWriteLock$Sync$HoldCounter done
Event: 1957.958 Loading class java/time/DurationEditor
Event: 1957.958 Loading class java/time/DurationEditor done
Event: 2471.366 Loading class java/time/DurationEditor
Event: 2471.366 Loading class java/time/DurationEditor done
Event: 3207.234 Loading class java/time/Instant$1
Event: 3207.236 Loading class java/time/Instant$1 done
Event: 4723.578 Loading class java/util/Scanner
Event: 4723.586 Loading class java/util/Scanner done
Event: 4723.589 Loading class java/util/Scanner$PatternLRUCache
Event: 4723.590 Loading class java/util/Scanner$PatternLRUCache done
Event: 4723.592 Loading class java/util/regex/Matcher$ImmutableMatchResult
Event: 4723.592 Loading class java/util/regex/Matcher$ImmutableMatchResult done

Classes unloaded (20 events):
Event: 3996.989 Thread 0x000001712b1e8b20 Unloading class 0x0000000100c16000 'jdk/internal/reflect/GeneratedSerializationConstructorAccessor116'
Event: 3996.989 Thread 0x000001712b1e8b20 Unloading class 0x0000000100c16400 'org/apache/catalina/loader/JdbcLeakPrevention'
Event: 3996.989 Thread 0x000001712b1e8b20 Unloading class 0x0000000100c0d000 'org/apache/catalina/loader/JdbcLeakPrevention'
Event: 4035.902 Thread 0x000001712b1e8b20 Unloading class 0x0000000100c24000 'jdk/internal/reflect/GeneratedSerializationConstructorAccessor118'
Event: 4035.902 Thread 0x000001712b1e8b20 Unloading class 0x0000000100c1e800 'org/apache/catalina/loader/JdbcLeakPrevention'
Event: 4072.037 Thread 0x000001712b1e8b20 Unloading class 0x0000000100c2a400 'jdk/internal/reflect/GeneratedSerializationConstructorAccessor119'
Event: 4072.037 Thread 0x000001712b1e8b20 Unloading class 0x0000000100c25800 'org/apache/catalina/loader/JdbcLeakPrevention'
Event: 4284.990 Thread 0x000001712b1e8b20 Unloading class 0x0000000100c34000 'jdk/internal/reflect/GeneratedSerializationConstructorAccessor120'
Event: 4284.990 Thread 0x000001712b1e8b20 Unloading class 0x0000000100c2a800 'org/apache/catalina/loader/JdbcLeakPrevention'
Event: 4288.091 Thread 0x000001712b1e8b20 Unloading class 0x0000000100c3c000 'jdk/internal/reflect/GeneratedSerializationConstructorAccessor121'
Event: 4288.091 Thread 0x000001712b1e8b20 Unloading class 0x0000000100c34800 'org/apache/catalina/loader/JdbcLeakPrevention'
Event: 4288.091 Thread 0x000001712b1e8b20 Unloading class 0x0000000100c24800 'java/lang/invoke/LambdaForm$MH+0x0000000100c24800'
Event: 4337.273 Thread 0x000001712b1e8b20 Unloading class 0x0000000100c44400 'jdk/internal/reflect/GeneratedSerializationConstructorAccessor122'
Event: 4337.273 Thread 0x000001712b1e8b20 Unloading class 0x0000000100c3c800 'org/apache/catalina/loader/JdbcLeakPrevention'
Event: 4339.596 Thread 0x000001712b1e8b20 Unloading class 0x0000000100c4a800 'jdk/internal/reflect/GeneratedSerializationConstructorAccessor123'
Event: 4339.596 Thread 0x000001712b1e8b20 Unloading class 0x0000000100c44800 'org/apache/catalina/loader/JdbcLeakPrevention'
Event: 4343.857 Thread 0x000001712b1e8b20 Unloading class 0x0000000100c58000 'jdk/internal/reflect/GeneratedSerializationConstructorAccessor124'
Event: 4343.857 Thread 0x000001712b1e8b20 Unloading class 0x0000000100c4b800 'org/apache/catalina/loader/JdbcLeakPrevention'
Event: 4513.155 Thread 0x000001712b1e8b20 Unloading class 0x0000000100c60000 'jdk/internal/reflect/GeneratedSerializationConstructorAccessor125'
Event: 4513.155 Thread 0x000001712b1e8b20 Unloading class 0x0000000100c58800 'org/apache/catalina/loader/JdbcLeakPrevention'

Classes redefined (20 events):
Event: 3977.168 Thread 0x000001712b1e8b20 redefined class name=com.user.auth.controller.AuthController, count=1
Event: 3977.168 Thread 0x000001712b1e8b20 redefined class name=com.user.auth.controller.AuthController, count=7
Event: 3977.169 Thread 0x000001712b1e8b20 redefined class name=com.user.auth.controller.AuthController, count=4
Event: 3977.169 Thread 0x000001712b1e8b20 redefined class name=com.user.auth.controller.AuthController, count=1
Event: 3977.169 Thread 0x000001712b1e8b20 redefined class name=com.user.auth.controller.AuthController, count=3
Event: 3977.169 Thread 0x000001712b1e8b20 redefined class name=com.user.auth.controller.AuthController, count=5
Event: 3977.169 Thread 0x000001712b1e8b20 redefined class name=com.user.auth.controller.AuthController, count=1
Event: 3977.169 Thread 0x000001712b1e8b20 redefined class name=com.user.auth.controller.AuthController, count=13
Event: 3977.169 Thread 0x000001712b1e8b20 redefined class name=com.user.auth.controller.AuthController, count=1
Event: 3977.169 Thread 0x000001712b1e8b20 redefined class name=com.user.auth.controller.AuthController, count=11
Event: 3977.169 Thread 0x000001712b1e8b20 redefined class name=com.user.auth.controller.AuthController, count=3
Event: 3977.169 Thread 0x000001712b1e8b20 redefined class name=com.user.auth.controller.AuthController, count=2
Event: 3977.169 Thread 0x000001712b1e8b20 redefined class name=com.user.auth.controller.AuthController, count=9
Event: 3977.169 Thread 0x000001712b1e8b20 redefined class name=com.user.auth.controller.AuthController, count=8
Event: 3977.169 Thread 0x000001712b1e8b20 redefined class name=com.user.auth.controller.AuthController, count=5
Event: 3977.169 Thread 0x000001712b1e8b20 redefined class name=com.user.auth.controller.AuthController, count=1
Event: 3977.169 Thread 0x000001712b1e8b20 redefined class name=com.user.auth.controller.AuthController, count=5
Event: 3977.169 Thread 0x000001712b1e8b20 redefined class name=com.user.auth.controller.AuthController, count=1
Event: 3977.169 Thread 0x000001712b1e8b20 redefined class name=com.user.auth.controller.AuthController, count=22
Event: 3977.169 Thread 0x000001712b1e8b20 redefined class name=com.user.auth.controller.AuthController, count=22

Internal exceptions (20 events):
Event: 4343.817 Thread 0x000001713348cb80 Exception <a 'java/lang/InterruptedException'{0x00000000887340b8}: sleep interrupted> (0x00000000887340b8) 
thrown [s\src\hotspot\share\prims\jvm.cpp, line 3074]
Event: 4343.910 Thread 0x0000017130a39960 Exception <a 'sun/nio/fs/WindowsException'{0x0000000089992f58}> (0x0000000089992f58) 
thrown [s\src\hotspot\share\prims\jni.cpp, line 520]
Event: 4344.108 Thread 0x0000017130a39960 Exception <a 'java/lang/NoClassDefFoundError'{0x0000000087d6c970}: org/flywaydb/core/Flyway> (0x0000000087d6c970) 
thrown [s\src\hotspot\share\oops\constantPool.cpp, line 873]
Event: 4344.109 Thread 0x0000017130a39960 Exception <a 'java/lang/NoClassDefFoundError'{0x0000000087d6cfd0}: liquibase/integration/spring/SpringLiquibase> (0x0000000087d6cfd0) 
thrown [s\src\hotspot\share\oops\constantPool.cpp, line 873]
Event: 4344.112 Thread 0x0000017130a39960 Exception <a 'java/lang/NoClassDefFoundError'{0x0000000087dd5478}: org/jooq/DSLContext> (0x0000000087dd5478) 
thrown [s\src\hotspot\share\oops\constantPool.cpp, line 873]
Event: 4344.113 Thread 0x0000017130a39960 Exception <a 'java/lang/NoClassDefFoundError'{0x0000000087de2060}: org/springframework/batch/core/repository/JobRepository> (0x0000000087de2060) 
thrown [s\src\hotspot\share\oops\constantPool.cpp, line 873]
Event: 4344.114 Thread 0x0000017130a39960 Exception <a 'java/lang/NoClassDefFoundError'{0x0000000087de26b8}: org/quartz/Scheduler> (0x0000000087de26b8) 
thrown [s\src\hotspot\share\oops\constantPool.cpp, line 873]
Event: 4344.114 Thread 0x0000017130a39960 Exception <a 'java/lang/NoClassDefFoundError'{0x0000000087de2d38}: org/springframework/session/jdbc/JdbcIndexedSessionRepository> (0x0000000087de2d38) 
thrown [s\src\hotspot\share\oops\constantPool.cpp, line 873]
Event: 4344.166 Thread 0x0000017130a39960 Exception <a 'java/io/FileNotFoundException'{0x000000008769ea28}> (0x000000008769ea28) 
thrown [s\src\hotspot\share\prims\jni.cpp, line 520]
Event: 4344.314 Thread 0x0000017130a39960 Exception <a 'java/io/FileNotFoundException'{0x000000008647ab30}> (0x000000008647ab30) 
thrown [s\src\hotspot\share\prims\jni.cpp, line 520]
Event: 4513.131 Thread 0x0000017130a35130 Exception <a 'java/lang/InterruptedException'{0x0000000087f71390}: sleep interrupted> (0x0000000087f71390) 
thrown [s\src\hotspot\share\prims\jvm.cpp, line 3074]
Event: 4513.221 Thread 0x000001713348cb80 Exception <a 'sun/nio/fs/WindowsException'{0x0000000089998558}> (0x0000000089998558) 
thrown [s\src\hotspot\share\prims\jni.cpp, line 520]
Event: 4513.435 Thread 0x000001713348cb80 Exception <a 'java/lang/NoClassDefFoundError'{0x0000000087d63bd0}: org/flywaydb/core/Flyway> (0x0000000087d63bd0) 
thrown [s\src\hotspot\share\oops\constantPool.cpp, line 873]
Event: 4513.437 Thread 0x000001713348cb80 Exception <a 'java/lang/NoClassDefFoundError'{0x0000000087d64230}: liquibase/integration/spring/SpringLiquibase> (0x0000000087d64230) 
thrown [s\src\hotspot\share\oops\constantPool.cpp, line 873]
Event: 4513.440 Thread 0x000001713348cb80 Exception <a 'java/lang/NoClassDefFoundError'{0x0000000087dcd488}: org/jooq/DSLContext> (0x0000000087dcd488) 
thrown [s\src\hotspot\share\oops\constantPool.cpp, line 873]
Event: 4513.442 Thread 0x000001713348cb80 Exception <a 'java/lang/NoClassDefFoundError'{0x0000000087dda090}: org/springframework/batch/core/repository/JobRepository> (0x0000000087dda090) 
thrown [s\src\hotspot\share\oops\constantPool.cpp, line 873]
Event: 4513.442 Thread 0x000001713348cb80 Exception <a 'java/lang/NoClassDefFoundError'{0x0000000087dda6e8}: org/quartz/Scheduler> (0x0000000087dda6e8) 
thrown [s\src\hotspot\share\oops\constantPool.cpp, line 873]
Event: 4513.443 Thread 0x000001713348cb80 Exception <a 'java/lang/NoClassDefFoundError'{0x0000000087ddad68}: org/springframework/session/jdbc/JdbcIndexedSessionRepository> (0x0000000087ddad68) 
thrown [s\src\hotspot\share\oops\constantPool.cpp, line 873]
Event: 4513.491 Thread 0x000001713348cb80 Exception <a 'java/io/FileNotFoundException'{0x0000000087695e20}> (0x0000000087695e20) 
thrown [s\src\hotspot\share\prims\jni.cpp, line 520]
Event: 4513.646 Thread 0x000001713348cb80 Exception <a 'java/io/FileNotFoundException'{0x0000000086452490}> (0x0000000086452490) 
thrown [s\src\hotspot\share\prims\jni.cpp, line 520]

ZGC Phase Switch (0 events):
No events

VM Operations (20 events):
Event: 4722.552 Executing VM operation: ChangeBreakpoints done
Event: 4722.553 Executing VM operation: ChangeBreakpoints
Event: 4722.553 Executing VM operation: ChangeBreakpoints done
Event: 4722.553 Executing VM operation: ChangeBreakpoints
Event: 4722.553 Executing VM operation: ChangeBreakpoints done
Event: 4722.554 Executing VM operation: ChangeBreakpoints
Event: 4722.554 Executing VM operation: ChangeBreakpoints done
Event: 4722.555 Executing VM operation: ChangeBreakpoints
Event: 4722.555 Executing VM operation: ChangeBreakpoints done
Event: 4722.556 Executing VM operation: ChangeBreakpoints
Event: 4722.556 Executing VM operation: ChangeBreakpoints done
Event: 4722.556 Executing VM operation: ChangeBreakpoints
Event: 4722.556 Executing VM operation: ChangeBreakpoints done
Event: 4722.557 Executing VM operation: ChangeBreakpoints
Event: 4722.557 Executing VM operation: ChangeBreakpoints done
Event: 4723.537 Executing VM operation: GetObjectMonitorUsage
Event: 4723.537 Executing VM operation: GetObjectMonitorUsage done
Event: 4723.538 Executing VM operation: GetObjectMonitorUsage
Event: 4723.538 Executing VM operation: GetObjectMonitorUsage done
Event: 4723.600 Executing VM operation: G1CollectForAllocation (G1 Evacuation Pause)

Events (20 events):
Event: 4505.896 Thread 0x000001713348d8a0 Thread exited: 0x000001713348d8a0
Event: 4510.814 Thread 0x0000017133490000 Thread added: 0x0000017133490000
Event: 4510.815 Thread 0x0000017130a364e0 Thread exited: 0x0000017130a364e0
Event: 4510.821 Thread 0x000001713348e5c0 Thread added: 0x000001713348e5c0
Event: 4510.822 Thread 0x000001713348e5c0 Thread exited: 0x000001713348e5c0
Event: 4510.822 Thread 0x0000017133490000 Thread exited: 0x0000017133490000
Event: 4513.131 Thread 0x0000017130a35130 Thread exited: 0x0000017130a35130
Event: 4513.205 Thread 0x0000017130a33d80 Thread exited: 0x0000017130a33d80
Event: 4513.207 Thread 0x000001713348f2e0 Thread added: 0x000001713348f2e0
Event: 4513.208 Thread 0x000001713348cb80 Thread added: 0x000001713348cb80
Event: 4513.208 Thread 0x000001713348f2e0 Thread exited: 0x000001713348f2e0
Event: 4513.209 Thread 0x0000017130a34aa0 Thread exited: 0x0000017130a34aa0
Event: 4513.267 Thread 0x000001713348d210 Thread added: 0x000001713348d210
Event: 4513.281 Thread 0x000001713348d210 Thread exited: 0x000001713348d210
Event: 4513.551 Thread 0x000001713348b140 Thread added: 0x000001713348b140
Event: 4513.647 Thread 0x000001713348d210 Thread added: 0x000001713348d210
Event: 4513.647 Thread 0x000001713348d8a0 Thread added: 0x000001713348d8a0
Event: 4513.647 Thread 0x000001713348df30 Thread added: 0x000001713348df30
Event: 4513.660 Thread 0x0000017133489700 Thread added: 0x0000017133489700
Event: 4518.955 Thread 0x0000017133489700 Thread exited: 0x0000017133489700


Dynamic libraries:
0x00007ff6fba20000 - 0x00007ff6fba2e000 	C:\Users\test\Downloads\sts-4.23.1.RELEASE\plugins\org.eclipse.justj.openjdk.hotspot.jre.full.win32.x86_64_21.0.3.v20240426-1530\jre\bin\javaw.exe
0x00007ffaa37d0000 - 0x00007ffaa39e7000 	C:\WINDOWS\SYSTEM32\ntdll.dll
0x00007ffaa1510000 - 0x00007ffaa15d4000 	C:\WINDOWS\System32\KERNEL32.DLL
0x00007ffaa0b00000 - 0x00007ffaa0ead000 	C:\WINDOWS\System32\KERNELBASE.dll
0x00007ffaa1320000 - 0x00007ffaa1431000 	C:\WINDOWS\System32\ucrtbase.dll
0x00007ffa666c0000 - 0x00007ffa666d8000 	C:\Users\test\Downloads\sts-4.23.1.RELEASE\plugins\org.eclipse.justj.openjdk.hotspot.jre.full.win32.x86_64_21.0.3.v20240426-1530\jre\bin\jli.dll
0x00007ffaa15e0000 - 0x00007ffaa178e000 	C:\WINDOWS\System32\USER32.dll
0x00007ffa8b5e0000 - 0x00007ffa8b5fb000 	C:\Users\test\Downloads\sts-4.23.1.RELEASE\plugins\org.eclipse.justj.openjdk.hotspot.jre.full.win32.x86_64_21.0.3.v20240426-1530\jre\bin\VCRUNTIME140.dll
0x00007ffaa1100000 - 0x00007ffaa1126000 	C:\WINDOWS\System32\win32u.dll
0x00007ffaa2410000 - 0x00007ffaa2439000 	C:\WINDOWS\System32\GDI32.dll
0x00007ffaa0fe0000 - 0x00007ffaa10f9000 	C:\WINDOWS\System32\gdi32full.dll
0x00007ffaa1440000 - 0x00007ffaa14da000 	C:\WINDOWS\System32\msvcp_win.dll
0x00007ffa8c320000 - 0x00007ffa8c5b3000 	C:\WINDOWS\WinSxS\amd64_microsoft.windows.common-controls_6595b64144ccf1df_6.0.22621.3672_none_2713b9d173822955\COMCTL32.dll
0x00007ffaa2c00000 - 0x00007ffaa2ca7000 	C:\WINDOWS\System32\msvcrt.dll
0x00007ffaa1c20000 - 0x00007ffaa1c51000 	C:\WINDOWS\System32\IMM32.DLL
0x00007ffa49cd0000 - 0x00007ffa49cdc000 	C:\Users\test\Downloads\sts-4.23.1.RELEASE\plugins\org.eclipse.justj.openjdk.hotspot.jre.full.win32.x86_64_21.0.3.v20240426-1530\jre\bin\vcruntime140_1.dll
0x00007ffa0d350000 - 0x00007ffa0d3de000 	C:\Users\test\Downloads\sts-4.23.1.RELEASE\plugins\org.eclipse.justj.openjdk.hotspot.jre.full.win32.x86_64_21.0.3.v20240426-1530\jre\bin\msvcp140.dll
0x00007ffa277e0000 - 0x00007ffa28562000 	C:\Users\test\Downloads\sts-4.23.1.RELEASE\plugins\org.eclipse.justj.openjdk.hotspot.jre.full.win32.x86_64_21.0.3.v20240426-1530\jre\bin\server\jvm.dll
0x00007ffaa27d0000 - 0x00007ffaa2882000 	C:\WINDOWS\System32\ADVAPI32.dll
0x00007ffaa2b50000 - 0x00007ffaa2bf9000 	C:\WINDOWS\System32\sechost.dll
0x00007ffaa14e0000 - 0x00007ffaa1508000 	C:\WINDOWS\System32\bcrypt.dll
0x00007ffaa2df0000 - 0x00007ffaa2f04000 	C:\WINDOWS\System32\RPCRT4.dll
0x00007ffaa2210000 - 0x00007ffaa2281000 	C:\WINDOWS\System32\WS2_32.dll
0x00007ffa9bf00000 - 0x00007ffa9bf34000 	C:\WINDOWS\SYSTEM32\WINMM.dll
0x00007ffaa02c0000 - 0x00007ffaa030d000 	C:\WINDOWS\SYSTEM32\POWRPROF.dll
0x00007ffa99de0000 - 0x00007ffa99dea000 	C:\WINDOWS\SYSTEM32\VERSION.dll
0x00007ffaa0250000 - 0x00007ffaa0263000 	C:\WINDOWS\SYSTEM32\UMPDC.dll
0x00007ffa9faf0000 - 0x00007ffa9fb08000 	C:\WINDOWS\SYSTEM32\kernel.appcore.dll
0x00007ffa7de30000 - 0x00007ffa7de3a000 	C:\Users\test\Downloads\sts-4.23.1.RELEASE\plugins\org.eclipse.justj.openjdk.hotspot.jre.full.win32.x86_64_21.0.3.v20240426-1530\jre\bin\jimage.dll
0x00007ffa9e480000 - 0x00007ffa9e6b2000 	C:\WINDOWS\SYSTEM32\DBGHELP.DLL
0x00007ffaa2440000 - 0x00007ffaa27c8000 	C:\WINDOWS\System32\combase.dll
0x00007ffaa1ce0000 - 0x00007ffaa1db7000 	C:\WINDOWS\System32\OLEAUT32.dll
0x00007ffa7ed00000 - 0x00007ffa7ed32000 	C:\WINDOWS\SYSTEM32\dbgcore.DLL
0x00007ffaa12a0000 - 0x00007ffaa131b000 	C:\WINDOWS\System32\bcryptPrimitives.dll
0x00007ffa8ba80000 - 0x00007ffa8babc000 	C:\Users\test\Downloads\sts-4.23.1.RELEASE\plugins\org.eclipse.justj.openjdk.hotspot.jre.full.win32.x86_64_21.0.3.v20240426-1530\jre\bin\jdwp.dll
0x00007ffa70040000 - 0x00007ffa7004f000 	C:\Users\test\Downloads\sts-4.23.1.RELEASE\plugins\org.eclipse.justj.openjdk.hotspot.jre.full.win32.x86_64_21.0.3.v20240426-1530\jre\bin\instrument.dll
0x00007ffa47580000 - 0x00007ffa4759f000 	C:\Users\test\Downloads\sts-4.23.1.RELEASE\plugins\org.eclipse.justj.openjdk.hotspot.jre.full.win32.x86_64_21.0.3.v20240426-1530\jre\bin\java.dll
0x00007ffa47560000 - 0x00007ffa47578000 	C:\Users\test\Downloads\sts-4.23.1.RELEASE\plugins\org.eclipse.justj.openjdk.hotspot.jre.full.win32.x86_64_21.0.3.v20240426-1530\jre\bin\zip.dll
0x00007ffaa2f10000 - 0x00007ffaa376f000 	C:\WINDOWS\System32\SHELL32.dll
0x00007ffa9e9c0000 - 0x00007ffa9f2bc000 	C:\WINDOWS\SYSTEM32\windows.storage.dll
0x00007ffa9e880000 - 0x00007ffa9e9bf000 	C:\WINDOWS\SYSTEM32\wintypes.dll
0x00007ffaa2890000 - 0x00007ffaa2984000 	C:\WINDOWS\System32\SHCORE.dll
0x00007ffaa21b0000 - 0x00007ffaa220e000 	C:\WINDOWS\System32\shlwapi.dll
0x00007ffaa0a30000 - 0x00007ffaa0a51000 	C:\WINDOWS\SYSTEM32\profapi.dll
0x00007ffa9bee0000 - 0x00007ffa9beeb000 	C:\Users\test\Downloads\sts-4.23.1.RELEASE\plugins\org.eclipse.justj.openjdk.hotspot.jre.full.win32.x86_64_21.0.3.v20240426-1530\jre\bin\dt_socket.dll
0x00007ffa9f520000 - 0x00007ffa9f54d000 	C:\WINDOWS\SYSTEM32\IPHLPAPI.DLL
0x00007ffa9ff50000 - 0x00007ffa9ffb9000 	C:\WINDOWS\system32\mswsock.dll
0x00007ffa9f550000 - 0x00007ffa9f648000 	C:\WINDOWS\SYSTEM32\DNSAPI.dll
0x00007ffaa21a0000 - 0x00007ffaa21a9000 	C:\WINDOWS\System32\NSI.dll
0x00007ffa99b50000 - 0x00007ffa99b5a000 	C:\Windows\System32\rasadhlp.dll
0x00007ffa9c230000 - 0x00007ffa9c2b3000 	C:\WINDOWS\System32\fwpuclnt.dll
0x00007ffa70030000 - 0x00007ffa70040000 	C:\Users\test\Downloads\sts-4.23.1.RELEASE\plugins\org.eclipse.justj.openjdk.hotspot.jre.full.win32.x86_64_21.0.3.v20240426-1530\jre\bin\net.dll
0x00007ffa9d180000 - 0x00007ffa9d2b6000 	C:\WINDOWS\SYSTEM32\WINHTTP.dll
0x00007ffa47540000 - 0x00007ffa47556000 	C:\Users\test\Downloads\sts-4.23.1.RELEASE\plugins\org.eclipse.justj.openjdk.hotspot.jre.full.win32.x86_64_21.0.3.v20240426-1530\jre\bin\nio.dll
0x00007ffa49c90000 - 0x00007ffa49c9a000 	C:\Users\test\Downloads\sts-4.23.1.RELEASE\plugins\org.eclipse.justj.openjdk.hotspot.jre.full.win32.x86_64_21.0.3.v20240426-1530\jre\bin\management.dll
0x00007ffa31a40000 - 0x00007ffa31a4b000 	C:\Users\test\Downloads\sts-4.23.1.RELEASE\plugins\org.eclipse.justj.openjdk.hotspot.jre.full.win32.x86_64_21.0.3.v20240426-1530\jre\bin\management_ext.dll
0x00007ffaa1c10000 - 0x00007ffaa1c18000 	C:\WINDOWS\System32\PSAPI.DLL
0x00007ffa80b60000 - 0x00007ffa80b77000 	C:\WINDOWS\system32\napinsp.dll
0x00007ffa809e0000 - 0x00007ffa809fb000 	C:\WINDOWS\system32\pnrpnsp.dll
0x00007ffa80970000 - 0x00007ffa80981000 	C:\WINDOWS\System32\winrnr.dll
0x00007ffa7fd30000 - 0x00007ffa7fd45000 	C:\WINDOWS\system32\wshbth.dll
0x00007ffa7fd00000 - 0x00007ffa7fd27000 	C:\WINDOWS\system32\nlansp_c.dll
0x00007ffaa0390000 - 0x00007ffaa03ab000 	C:\WINDOWS\SYSTEM32\CRYPTSP.dll
0x00007ffa9fa50000 - 0x00007ffa9fa85000 	C:\WINDOWS\system32\rsaenh.dll
0x00007ffa9fff0000 - 0x00007ffaa0018000 	C:\WINDOWS\SYSTEM32\USERENV.dll
0x00007ffaa0370000 - 0x00007ffaa037c000 	C:\WINDOWS\SYSTEM32\CRYPTBASE.dll
0x00007ffa8b600000 - 0x00007ffa8b609000 	C:\Users\test\Downloads\sts-4.23.1.RELEASE\plugins\org.eclipse.justj.openjdk.hotspot.jre.full.win32.x86_64_21.0.3.v20240426-1530\jre\bin\extnet.dll
0x00007ffa31a50000 - 0x00007ffa31a60000 	C:\Users\test\Downloads\sts-4.23.1.RELEASE\plugins\org.eclipse.justj.openjdk.hotspot.jre.full.win32.x86_64_21.0.3.v20240426-1530\jre\bin\verify.dll
0x00007ffa825d0000 - 0x00007ffa825de000 	C:\Users\test\Downloads\sts-4.23.1.RELEASE\plugins\org.eclipse.justj.openjdk.hotspot.jre.full.win32.x86_64_21.0.3.v20240426-1530\jre\bin\sunmscapi.dll
0x00007ffaa1130000 - 0x00007ffaa1297000 	C:\WINDOWS\System32\CRYPT32.dll
0x00007ffaa04b0000 - 0x00007ffaa04de000 	C:\WINDOWS\SYSTEM32\ncrypt.dll
0x00007ffaa0470000 - 0x00007ffaa04a7000 	C:\WINDOWS\SYSTEM32\NTASN1.dll
0x00007ffa9c030000 - 0x00007ffa9c038000 	C:\WINDOWS\system32\wshunix.dll

dbghelp: loaded successfully - version: 4.0.5 - missing functions: none
symbol engine: initialized successfully - sym options: 0x614 - pdb path: .;C:\Users\test\Downloads\sts-4.23.1.RELEASE\plugins\org.eclipse.justj.openjdk.hotspot.jre.full.win32.x86_64_21.0.3.v20240426-1530\jre\bin;C:\WINDOWS\SYSTEM32;C:\WINDOWS\WinSxS\amd64_microsoft.windows.common-controls_6595b64144ccf1df_6.0.22621.3672_none_2713b9d173822955;C:\Users\test\Downloads\sts-4.23.1.RELEASE\plugins\org.eclipse.justj.openjdk.hotspot.jre.full.win32.x86_64_21.0.3.v20240426-1530\jre\bin\server

VM Arguments:
jvm_args: -XX:+ShowCodeDetailsInExceptionMessages -agentlib:jdwp=transport=dt_socket,suspend=y,address=localhost:65033 -Dcom.sun.management.jmxremote -Dcom.sun.management.jmxremote.port=65032 -Dcom.sun.management.jmxremote.authenticate=false -Dcom.sun.management.jmxremote.ssl=false -Djava.rmi.server.hostname=localhost -Dspring.jmx.enabled=true -Dmanagement.endpoints.jmx.exposure.include=* -Dspring.application.admin.enabled=true -XX:TieredStopAtLevel=1 -Dspring.boot.project.name=User-Authenticatior -javaagent:C:\Users\test\Downloads\sts-4.23.1.RELEASE\configuration\org.eclipse.osgi\270\0\.cp\lib\javaagent-shaded.jar -Dfile.encoding=UTF-8 -Dstdout.encoding=UTF-8 -Dstderr.encoding=UTF-8 
java_command: com.user.auth.UserAuthenticatiorApplication --spring.output.ansi.enabled=always
java_class_path (initial): E:\Spring_Project\User-Authenticatior\target\classes;C:\Users\test\.m2\repository\org\springframework\boot\spring-boot-starter-web\3.2.7\spring-boot-starter-web-3.2.7.jar;C:\Users\test\.m2\repository\org\springframework\boot\spring-boot-starter\3.2.7\spring-boot-starter-3.2.7.jar;C:\Users\test\.m2\repository\org\springframework\boot\spring-boot-starter-logging\3.2.7\spring-boot-starter-logging-3.2.7.jar;C:\Users\test\.m2\repository\ch\qos\logback\logback-classic\1.4.14\logback-classic-1.4.14.jar;C:\Users\test\.m2\repository\ch\qos\logback\logback-core\1.4.14\logback-core-1.4.14.jar;C:\Users\test\.m2\repository\org\apache\logging\log4j\log4j-to-slf4j\2.21.1\log4j-to-slf4j-2.21.1.jar;C:\Users\test\.m2\repository\org\apache\logging\log4j\log4j-api\2.21.1\log4j-api-2.21.1.jar;C:\Users\test\.m2\repository\org\slf4j\jul-to-slf4j\2.0.13\jul-to-slf4j-2.0.13.jar;C:\Users\test\.m2\repository\org\yaml\snakeyaml\2.2\snakeyaml-2.2.jar;C:\Users\test\.m2\repository\org\springframework\boot\spring-boot-starter-json\3.2.7\spring-boot-starter-json-3.2.7.jar;C:\Users\test\.m2\repository\com\fasterxml\jackson\datatype\jackson-datatype-jdk8\2.15.4\jackson-datatype-jdk8-2.15.4.jar;C:\Users\test\.m2\repository\com\fasterxml\jackson\datatype\jackson-datatype-jsr310\2.15.4\jackson-datatype-jsr310-2.15.4.jar;C:\Users\test\.m2\repository\com\fasterxml\jackson\module\jackson-module-parameter-names\2.15.4\jackson-module-parameter-names-2.15.4.jar;C:\Users\test\.m2\repository\org\springframework\boot\spring-boot-starter-tomcat\3.2.7\spring-boot-starter-tomcat-3.2.7.jar;C:\Users\test\.m2\repository\org\apache\tomcat\embed\tomcat-embed-core\10.1.25\tomcat-embed-core-10.1.25.jar;C:\Users\test\.m2\repository\org\apache\tomcat\embed\tomcat-embed-el\10.1.25\tomcat-embed-el-10.1.25.jar;C:\Users\test\.m2\repository\org\apache\tomcat\embed\tomcat-embed-websocket\10.1.25\tomcat-embed-websocket-10.1.25.jar;C:\Users\test\.m2\repository\org\springframework\spring-web\6.1.10\spring-web-6.1.10.jar;C:\Users\test\.m2\repository\io\micrometer\micrometer-observation\1.12.7\micrometer-observation-1.12.7.jar;C:\Users\test\.m2\repository\io\micrometer\micrometer-commons\1.12.7\micrometer-commons-1.12.7.jar;C:\Users\test\.m2\repository\org\springframework\spring-webmvc\6.1.10\spring-webmvc-6.1.10.jar;C:\Users\test\.m2\repository\org\springframework\spring-expression\6.1.10\spring-expression-6.1.10.jar;C:\Users\test\.m2\repository\org\springframework\boot\spring-boot-starter-security\3.2.1\spring-boot-starter-security-3.2.1.jar;C:\Users\test\.m2\repository\org\springframework\spring-aop\6.1.10\spring-aop-6.1.10.jar;C:\Users\test\.m2\repository\org\springframework\security\spring-security-config\6.2.5\spring-security-config-6.2.5.jar;C:\Users\test\.m2\repository\org\springframework\security\spring-security-core\6.2.5\spring-security-core-6.2.5.jar;C:\Users\test\.m2\repository\org\springframework\security\spring-security-crypto\6.2.5\spring-security-crypto-6.2.5.jar;C:\Users\test\.m2\repository\org\springframework\security\spring-security-web\6.2.5\spring-security-web-6.2.5.jar;C:\Users\test\.m2\repository\io\jsonwebtoken\jjwt-api\0.11.5\jjwt-api-0.11.5.jar;C:\Users\test\.m2\repository\io\jsonwebtoken\jjwt-impl\0.11.5\jjwt-impl-0.11.5.jar;C:\Users\test\.m2\repository\io\jsonwebtoken\jjwt-jackson\0.11.5\jjwt-jackson-0.11.5.jar;C:\Users\test\.m2\repository\com\fasterxml\jackson\core\jackson-databind\2.15.4\jackson-databind-2.15.4.jar;C:\Users\test\.m2\repository\com\fasterxml\jackson\core\jackson-annotations\2.15.4\jackson-annotations-2.15.4.jar;C:\Users\test\.m2\repository\com\fasterxml\jackson\core\jackson-core\2.15.4\jackson-core-2.15.4.jar;C:\Users\test\.m2\repository\org\projectlombok\lombok\1.18.32\lombok-1.18.32.jar;C:\Users\test\.m2\repository\jakarta\xml\bind\jakarta.xml.bind-api\4.0.2\jakarta.xml.bind-api-4.0.2.jar;C:\Users\test\.m2\repository\jakarta\activation\jakarta.activation-api\2.1.3\jakarta.activation-api-2.1.3.jar;C:\Users\test\.m2\repository\net\bytebuddy\byte-buddy\1.14.17\byte-buddy-1.14.17.jar;C:\Users\test\.m2\repository\org\springframework\spring-core\6.1.10\spring-core-6.1.10.jar;C:\Users\test\.m2\repository\org\springframework\spring-jcl\6.1.10\spring-jcl-6.1.10.jar;C:\Users\test\.m2\repository\org\springframework\boot\spring-boot-devtools\3.1.8\spring-boot-devtools-3.1.8.jar;C:\Users\test\.m2\repository\org\springframework\boot\spring-boot\3.2.7\spring-boot-3.2.7.jar;C:\Users\test\.m2\repository\org\springframework\boot\spring-boot-autoconfigure\3.2.7\spring-boot-autoconfigure-3.2.7.jar;C:\Users\test\.m2\repository\org\springframework\data\spring-data-jpa\3.1.8\spring-data-jpa-3.1.8.jar;C:\Users\test\.m2\repository\org\springframework\data\spring-data-commons\3.2.7\spring-data-commons-3.2.7.jar;C:\Users\test\.m2\repository\org\springframework\spring-orm\6.1.10\spring-orm-6.1.10.jar;C:\Users\test\.m2\repository\org\springframework\spring-jdbc\6.1.10\spring-jdbc-6.1.10.jar;C:\Users\test\.m2\repository\org\springframework\spring-context\6.1.10\spring-context-6.1.10.jar;C:\Users\test\.m2\repository\org\springframework\spring-tx\6.1.10\spring-tx-6.1.10.jar;C:\Users\test\.m2\repository\org\springframework\spring-beans\6.1.10\spring-beans-6.1.10.jar;C:\Users\test\.m2\repository\org\antlr\antlr4-runtime\4.10.1\antlr4-runtime-4.10.1.jar;C:\Users\test\.m2\repository\jakarta\annotation\jakarta.annotation-api\2.1.1\jakarta.annotation-api-2.1.1.jar;C:\Users\test\.m2\repository\org\slf4j\slf4j-api\2.0.13\slf4j-api-2.0.13.jar;C:\Users\test\.m2\repository\io\jsonwebtoken\jjwt\0.9.1\jjwt-0.9.1.jar;C:\Users\test\.m2\repository\org\springframework\boot\spring-boot-starter-data-jpa\3.2.7\spring-boot-starter-data-jpa-3.2.7.jar;C:\Users\test\.m2\repository\org\springframework\boot\spring-boot-starter-aop\3.2.7\spring-boot-starter-aop-3.2.7.jar;C:\Users\test\.m2\repository\org\aspectj\aspectjweaver\1.9.22\aspectjweaver-1.9.22.jar;C:\Users\test\.m2\repository\org\springframework\boot\spring-boot-starter-jdbc\3.2.7\spring-boot-starter-jdbc-3.2.7.jar;C:\Users\test\.m2\repository\com\zaxxer\HikariCP\5.0.1\HikariCP-5.0.1.jar;C:\Users\test\.m2\repository\org\hibernate\orm\hibernate-core\6.4.9.Final\hibernate-core-6.4.9.Final.jar;C:\Users\test\.m2\repository\jakarta\persistence\jakarta.persistence-api\3.1.0\jakarta.persistence-api-3.1.0.jar;C:\Users\test\.m2\repository\jakarta\transaction\jakarta.transaction-api\2.0.1\jakarta.transaction-api-2.0.1.jar;C:\Users\test\.m2\repository\org\jboss\logging\jboss-logging\3.5.3.Final\jboss-logging-3.5.3.Final.jar;C:\Users\test\.m2\repository\org\hibernate\common\hibernate-commons-annotations\6.0.6.Final\hibernate-commons-annotations-6.0.6.Final.jar;C:\Users\test\.m2\repository\io\smallrye\jandex\3.1.2\jandex-3.1.2.jar;C:\Users\test\.m2\repository\com\fasterxml\classmate\1.6.0\classmate-1.6.0.jar;C:\Users\test\.m2\repository\org\glassfish\jaxb\jaxb-runtime\4.0.5\jaxb-runtime-4.0.5.jar;C:\Users\test\.m2\repository\org\glassfish\jaxb\jaxb-core\4.0.5\jaxb-core-4.0.5.jar;C:\Users\test\.m2\repository\org\eclipse\angus\angus-activation\2.0.2\angus-activation-2.0.2.jar;C:\Users\test\.m2\repository\org\glassfish\jaxb\txw2\4.0.5\txw2-4.0.5.jar;C:\Users\test\.m2\repository\com\sun\istack\istack-commons-runtime\4.1.2\istack-commons-runtime-4.1.2.jar;C:\Users\test\.m2\repository\jakarta\inject\jakarta.inject-api\2.0.1\jakarta.inject-api-2.0.1.jar;C:\Users\test\.m2\repository\org\springframework\spring-aspects\6.1.10\spring-aspects-6.1.10.jar;C:\Users\test\.m2\repository\mysql\mysql-connector-java\8.0.17\mysql-connector-java-8.0.17.jar;C:\Users\test\.m2\repository\com\google\protobuf\protobuf-java\3.6.1\protobuf-java-3.6.1.jar
Launcher Type: SUN_STANDARD

[Global flags]
     intx CICompilerCount                          = 3                                         {product} {ergonomic}
     uint ConcGCThreads                            = 1                                         {product} {ergonomic}
     uint G1ConcRefinementThreads                  = 4                                         {product} {ergonomic}
   size_t G1HeapRegionSize                         = 1048576                                   {product} {ergonomic}
    uintx GCDrainStackTargetSize                   = 64                                        {product} {ergonomic}
   size_t InitialHeapSize                          = 132120576                                 {product} {ergonomic}
     bool ManagementServer                         = true                                      {product} {command line}
   size_t MarkStackSize                            = 4194304                                   {product} {ergonomic}
   size_t MaxHeapSize                              = 2095054848                                {product} {ergonomic}
   size_t MaxNewSize                               = 1256194048                                {product} {ergonomic}
   size_t MinHeapDeltaBytes                        = 1048576                                   {product} {ergonomic}
   size_t MinHeapSize                              = 8388608                                   {product} {ergonomic}
    uintx NonNMethodCodeHeapSize                   = 4096                                   {pd product} {ergonomic}
    uintx NonProfiledCodeHeapSize                  = 0                                      {pd product} {ergonomic}
     bool ProfileInterpreter                       = false                                  {pd product} {command line}
    uintx ProfiledCodeHeapSize                     = 0                                      {pd product} {ergonomic}
     bool ShowCodeDetailsInExceptionMessages       = true                                   {manageable} {command line}
   size_t SoftMaxHeapSize                          = 2095054848                             {manageable} {ergonomic}
     intx TieredStopAtLevel                        = 1                                         {product} {command line}
     bool UseCompressedOops                        = true                           {product lp64_product} {ergonomic}
     bool UseG1GC                                  = true                                      {product} {ergonomic}
     bool UseLargePagesIndividualAllocation        = false                                  {pd product} {ergonomic}

Logging:
Log output configuration:
 #0: stdout all=warning uptime,level,tags foldmultilines=false
 #1: stderr all=off uptime,level,tags foldmultilines=false

Environment Variables:
JAVA_HOME=C:\Program Files\Java\jdk1.8.0_171
PATH=C:\Users\test\Downloads\sts-4.23.1.RELEASE\plugins\org.eclipse.justj.openjdk.hotspot.jre.full.win32.x86_64_21.0.3.v20240426-1530\jre\bin;C:/Users/test/Downloads/sts-4.23.1.RELEASE//plugins/org.eclipse.justj.openjdk.hotspot.jre.full.win32.x86_64_21.0.3.v20240426-1530/jre/bin/server;C:/Users/test/Downloads/sts-4.23.1.RELEASE//plugins/org.eclipse.justj.openjdk.hotspot.jre.full.win32.x86_64_21.0.3.v20240426-1530/jre/bin;C:\Python311\Scripts\;C:\Python311\;C:\Program Files (x86)\Common Files\Oracle\Java\javapath;C:\WINDOWS\system32;C:\WINDOWS;C:\WINDOWS\System32\Wbem;C:\WINDOWS\System32\WindowsPowerShell\v1.0\;C:\WINDOWS\System32\OpenSSH\;C:\Program Files\TortoiseSVN\bin;C:\ProgramData\chocolatey\bin;C:\Program Files\Java\jdk1.8.0_171\bin;C:\Program Files\nodejs\;C:\Program Files\Git\cmd;C:\Users\test\AppData\Local\Microsoft\WindowsApps;C:\Users\test\AppData\Local\Programs\Microsoft VS Code\bin;C:\Program Files\Java\jdk1.8.0_171\bin;C:\Users\test\AppData\Roaming\npm;C:\Users\test\AppData\Local\Programs\EmEditor;C:\mysql-connector-j-8.4.0.jar;;C:\Users\test\Downloads\sts-4.23.1.RELEASE;
USERNAME=test
OS=Windows_NT
PROCESSOR_IDENTIFIER=Intel64 Family 6 Model 140 Stepping 1, GenuineIntel
TMP=C:\Users\test\AppData\Local\Temp
TEMP=C:\Users\test\AppData\Local\Temp




Periodic native trim disabled

---------------  S Y S T E M  ---------------

OS:
 Windows 11 , 64 bit Build 22621 (10.0.22621.3672)
OS uptime: 0 days 8:17 hours
Hyper-V role detected

CPU: total 4 (initial active 4) (2 cores per cpu, 2 threads per core) family 6 model 140 stepping 1 microcode 0x8a, cx8, cmov, fxsr, ht, mmx, 3dnowpref, sse, sse2, sse3, ssse3, sse4.1, sse4.2, popcnt, lzcnt, tsc, tscinvbit, avx, avx2, aes, erms, clmul, bmi1, bmi2, adx, avx512f, avx512dq, avx512cd, avx512bw, avx512vl, sha, fma, vzeroupper, avx512_vpopcntdq, avx512_vpclmulqdq, avx512_vaes, avx512_vnni, clflush, clflushopt, clwb, avx512_vbmi2, avx512_vbmi, hv, rdtscp, rdpid, fsrm, gfni, avx512_bitalg, f16c, cet_ibt, cet_ss, avx512_ifma
Processor Information for processor 0
  Max Mhz: 2995, Current Mhz: 1198, Mhz Limit: 2995
Processor Information for processor 1
  Max Mhz: 2995, Current Mhz: 1198, Mhz Limit: 2995
Processor Information for processor 2
  Max Mhz: 2995, Current Mhz: 1198, Mhz Limit: 2995
Processor Information for processor 3
  Max Mhz: 2995, Current Mhz: 2995, Mhz Limit: 2995

Memory: 4k page, system-wide physical 7991M (468M free)
TotalPageFile size 26423M (AvailPageFile size 9992M)
current process WorkingSet (physical memory assigned to process): 274M, peak: 282M
current process commit charge ("private bytes"): 347M, peak: 356M

vm_info: OpenJDK 64-Bit Server VM (21.0.3+9-LTS) for windows-amd64 JRE (21.0.3+9-LTS), built on 2024-04-16T00:00:00Z by "admin" with MS VC++ 17.7 (VS2022)

END.
